2023/05/07 21:27:34 [notice] 1#1: using the "epoll" event method
2023/05/07 21:27:34 [notice] 1#1: nginx/1.23.4
2023/05/07 21:27:34 [notice] 1#1: built by gcc 12.2.1 20220924 (Alpine 12.2.1_git20220924-r4) 
2023/05/07 21:27:34 [notice] 1#1: OS: Linux 5.19.0-41-generic
2023/05/07 21:27:34 [notice] 1#1: getrlimit(RLIMIT_NOFILE): 1048576:1048576
2023/05/07 21:27:34 [notice] 1#1: start worker processes
2023/05/07 21:27:34 [notice] 1#1: start worker process 29
2023/05/07 21:27:34 [notice] 1#1: start worker process 30
2023/05/07 21:27:34 [notice] 1#1: start worker process 31
2023/05/07 21:27:34 [notice] 1#1: start worker process 32
2023/05/07 21:27:34 [notice] 1#1: start worker process 33
2023/05/07 21:27:34 [notice] 1#1: start worker process 34
2023/05/07 21:27:34 [notice] 1#1: start worker process 35
2023/05/07 21:27:34 [notice] 1#1: start worker process 36
2023/05/07 21:29:48 [notice] 1#1: signal 3 (SIGQUIT) received, shutting down
2023/05/07 21:29:48 [notice] 33#33: gracefully shutting down
2023/05/07 21:29:48 [notice] 36#36: gracefully shutting down
2023/05/07 21:29:48 [notice] 32#32: gracefully shutting down
2023/05/07 21:29:48 [notice] 33#33: exiting
2023/05/07 21:29:48 [notice] 36#36: exiting
2023/05/07 21:29:48 [notice] 32#32: exiting
2023/05/07 21:29:48 [notice] 32#32: exit
2023/05/07 21:29:48 [notice] 36#36: exit
2023/05/07 21:29:48 [notice] 33#33: exit
2023/05/07 21:29:48 [notice] 31#31: gracefully shutting down
2023/05/07 21:29:48 [notice] 31#31: exiting
2023/05/07 21:29:48 [notice] 34#34: gracefully shutting down
2023/05/07 21:29:48 [notice] 34#34: exiting
2023/05/07 21:29:48 [notice] 34#34: exit
2023/05/07 21:29:48 [notice] 30#30: gracefully shutting down
2023/05/07 21:29:48 [notice] 30#30: exiting
2023/05/07 21:29:48 [notice] 30#30: exit
2023/05/07 21:29:48 [notice] 31#31: exit
2023/05/07 21:29:48 [notice] 35#35: gracefully shutting down
2023/05/07 21:29:48 [notice] 29#29: gracefully shutting down
2023/05/07 21:29:48 [notice] 29#29: exiting
2023/05/07 21:29:48 [notice] 35#35: exiting
2023/05/07 21:29:48 [notice] 29#29: exit
2023/05/07 21:29:48 [notice] 35#35: exit
2023/05/07 21:29:48 [notice] 1#1: signal 17 (SIGCHLD) received from 30
2023/05/07 21:29:48 [notice] 1#1: worker process 30 exited with code 0
2023/05/07 21:29:48 [notice] 1#1: worker process 32 exited with code 0
2023/05/07 21:29:48 [notice] 1#1: signal 29 (SIGIO) received
2023/05/07 21:29:48 [notice] 1#1: signal 17 (SIGCHLD) received from 35
2023/05/07 21:29:48 [notice] 1#1: worker process 35 exited with code 0
2023/05/07 21:29:48 [notice] 1#1: signal 29 (SIGIO) received
2023/05/07 21:29:48 [notice] 1#1: signal 17 (SIGCHLD) received from 34
2023/05/07 21:29:48 [notice] 1#1: worker process 33 exited with code 0
2023/05/07 21:29:48 [notice] 1#1: worker process 34 exited with code 0
2023/05/07 21:29:48 [notice] 1#1: worker process 36 exited with code 0
2023/05/07 21:29:48 [notice] 1#1: signal 29 (SIGIO) received
2023/05/07 21:29:48 [notice] 1#1: signal 17 (SIGCHLD) received from 29
2023/05/07 21:29:48 [notice] 1#1: worker process 29 exited with code 0
2023/05/07 21:29:48 [notice] 1#1: signal 29 (SIGIO) received
2023/05/07 21:29:48 [notice] 1#1: signal 17 (SIGCHLD) received from 31
2023/05/07 21:29:48 [notice] 1#1: worker process 31 exited with code 0
2023/05/07 21:29:48 [notice] 1#1: exit
2023/05/07 21:35:48 [notice] 1#1: using the "epoll" event method
2023/05/07 21:35:48 [notice] 1#1: nginx/1.23.4
2023/05/07 21:35:48 [notice] 1#1: built by gcc 12.2.1 20220924 (Alpine 12.2.1_git20220924-r4) 
2023/05/07 21:35:48 [notice] 1#1: OS: Linux 5.19.0-41-generic
2023/05/07 21:35:48 [notice] 1#1: getrlimit(RLIMIT_NOFILE): 1048576:1048576
2023/05/07 21:35:48 [notice] 1#1: start worker processes
2023/05/07 21:35:48 [notice] 1#1: start worker process 29
2023/05/07 21:35:48 [notice] 1#1: start worker process 30
2023/05/07 21:35:48 [notice] 1#1: start worker process 31
2023/05/07 21:35:48 [notice] 1#1: start worker process 32
2023/05/07 21:35:48 [notice] 1#1: start worker process 33
2023/05/07 21:35:48 [notice] 1#1: start worker process 34
2023/05/07 21:35:48 [notice] 1#1: start worker process 35
2023/05/07 21:35:48 [notice] 1#1: start worker process 36
2023/05/07 21:37:11 [notice] 1#1: signal 3 (SIGQUIT) received, shutting down
2023/05/07 21:37:11 [notice] 29#29: gracefully shutting down
2023/05/07 21:37:11 [notice] 30#30: gracefully shutting down
2023/05/07 21:37:11 [notice] 31#31: gracefully shutting down
2023/05/07 21:37:11 [notice] 31#31: exiting
2023/05/07 21:37:11 [notice] 32#32: gracefully shutting down
2023/05/07 21:37:11 [notice] 36#36: gracefully shutting down
2023/05/07 21:37:11 [notice] 29#29: exiting
2023/05/07 21:37:11 [notice] 32#32: exiting
2023/05/07 21:37:11 [notice] 36#36: exiting
2023/05/07 21:37:11 [notice] 31#31: exit
2023/05/07 21:37:11 [notice] 29#29: exit
2023/05/07 21:37:11 [notice] 36#36: exit
2023/05/07 21:37:11 [notice] 32#32: exit
2023/05/07 21:37:11 [notice] 34#34: gracefully shutting down
2023/05/07 21:37:11 [notice] 33#33: gracefully shutting down
2023/05/07 21:37:11 [notice] 34#34: exiting
2023/05/07 21:37:11 [notice] 33#33: exiting
2023/05/07 21:37:11 [notice] 33#33: exit
2023/05/07 21:37:11 [notice] 34#34: exit
2023/05/07 21:37:11 [notice] 35#35: gracefully shutting down
2023/05/07 21:37:11 [notice] 35#35: exiting
2023/05/07 21:37:11 [notice] 35#35: exit
2023/05/07 21:37:11 [notice] 1#1: signal 17 (SIGCHLD) received from 34
2023/05/07 21:37:11 [notice] 1#1: worker process 29 exited with code 0
2023/05/07 21:37:11 [notice] 1#1: worker process 31 exited with code 0
2023/05/07 21:37:11 [notice] 1#1: worker process 33 exited with code 0
2023/05/07 21:37:11 [notice] 1#1: worker process 34 exited with code 0
2023/05/07 21:37:11 [notice] 1#1: signal 29 (SIGIO) received
2023/05/07 21:37:11 [notice] 1#1: signal 17 (SIGCHLD) received from 29
2023/05/07 21:37:11 [notice] 1#1: signal 17 (SIGCHLD) received from 36
2023/05/07 21:37:11 [notice] 1#1: worker process 36 exited with code 0
2023/05/07 21:37:11 [notice] 1#1: signal 29 (SIGIO) received
2023/05/07 21:37:11 [notice] 1#1: signal 17 (SIGCHLD) received from 35
2023/05/07 21:37:11 [notice] 1#1: worker process 35 exited with code 0
2023/05/07 21:37:11 [notice] 1#1: worker process 32 exited with code 0
2023/05/07 21:37:11 [notice] 1#1: signal 29 (SIGIO) received
2023/05/07 21:37:11 [notice] 1#1: signal 17 (SIGCHLD) received from 32
2023/05/07 21:37:13 [notice] 30#30: exiting
2023/05/07 21:37:13 [notice] 30#30: exit
2023/05/07 21:37:13 [notice] 1#1: signal 17 (SIGCHLD) received from 30
2023/05/07 21:37:13 [notice] 1#1: worker process 30 exited with code 0
2023/05/07 21:37:13 [notice] 1#1: exit
2023/05/07 21:40:46 [emerg] 1#1: host not found in upstream "app" in /etc/nginx/conf.d/default.conf:16
2023/05/07 21:42:11 [emerg] 1#1: host not found in upstream "app" in /etc/nginx/conf.d/default.conf:16
2023/05/07 21:56:00 [emerg] 1#1: host not found in upstream "app" in /etc/nginx/conf.d/default.conf:16
2023/05/07 21:59:08 [notice] 1#1: using the "epoll" event method
2023/05/07 21:59:08 [notice] 1#1: nginx/1.23.4
2023/05/07 21:59:08 [notice] 1#1: built by gcc 12.2.1 20220924 (Alpine 12.2.1_git20220924-r4) 
2023/05/07 21:59:08 [notice] 1#1: OS: Linux 5.19.0-41-generic
2023/05/07 21:59:08 [notice] 1#1: getrlimit(RLIMIT_NOFILE): 1048576:1048576
2023/05/07 21:59:08 [notice] 1#1: start worker processes
2023/05/07 21:59:08 [notice] 1#1: start worker process 29
2023/05/07 21:59:08 [notice] 1#1: start worker process 30
2023/05/07 21:59:08 [notice] 1#1: start worker process 31
2023/05/07 21:59:08 [notice] 1#1: start worker process 32
2023/05/07 21:59:08 [notice] 1#1: start worker process 33
2023/05/07 21:59:08 [notice] 1#1: start worker process 34
2023/05/07 21:59:08 [notice] 1#1: start worker process 35
2023/05/07 21:59:08 [notice] 1#1: start worker process 36
2023/05/07 22:01:07 [notice] 1#1: signal 3 (SIGQUIT) received, shutting down
2023/05/07 22:01:07 [notice] 36#36: gracefully shutting down
2023/05/07 22:01:07 [notice] 36#36: exiting
2023/05/07 22:01:07 [notice] 36#36: exit
2023/05/07 22:01:07 [notice] 29#29: gracefully shutting down
2023/05/07 22:01:07 [notice] 29#29: exiting
2023/05/07 22:01:07 [notice] 29#29: exit
2023/05/07 22:01:07 [notice] 30#30: gracefully shutting down
2023/05/07 22:01:07 [notice] 30#30: exiting
2023/05/07 22:01:07 [notice] 30#30: exit
2023/05/07 22:01:07 [notice] 31#31: gracefully shutting down
2023/05/07 22:01:07 [notice] 31#31: exiting
2023/05/07 22:01:07 [notice] 31#31: exit
2023/05/07 22:01:07 [notice] 34#34: gracefully shutting down
2023/05/07 22:01:07 [notice] 34#34: exiting
2023/05/07 22:01:07 [notice] 34#34: exit
2023/05/07 22:01:07 [notice] 32#32: gracefully shutting down
2023/05/07 22:01:07 [notice] 32#32: exiting
2023/05/07 22:01:07 [notice] 32#32: exit
2023/05/07 22:01:07 [notice] 33#33: gracefully shutting down
2023/05/07 22:01:07 [notice] 33#33: exiting
2023/05/07 22:01:07 [notice] 33#33: exit
2023/05/07 22:01:07 [notice] 35#35: gracefully shutting down
2023/05/07 22:01:07 [notice] 35#35: exiting
2023/05/07 22:01:07 [notice] 35#35: exit
2023/05/07 22:01:07 [notice] 1#1: signal 17 (SIGCHLD) received from 30
2023/05/07 22:01:07 [notice] 1#1: worker process 30 exited with code 0
2023/05/07 22:01:07 [notice] 1#1: worker process 34 exited with code 0
2023/05/07 22:01:07 [notice] 1#1: worker process 36 exited with code 0
2023/05/07 22:01:07 [notice] 1#1: signal 29 (SIGIO) received
2023/05/07 22:01:07 [notice] 1#1: signal 17 (SIGCHLD) received from 36
2023/05/07 22:01:07 [notice] 1#1: signal 17 (SIGCHLD) received from 33
2023/05/07 22:01:07 [notice] 1#1: worker process 31 exited with code 0
2023/05/07 22:01:07 [notice] 1#1: worker process 29 exited with code 0
2023/05/07 22:01:07 [notice] 1#1: worker process 33 exited with code 0
2023/05/07 22:01:07 [notice] 1#1: worker process 32 exited with code 0
2023/05/07 22:01:07 [notice] 1#1: worker process 35 exited with code 0
2023/05/07 22:01:07 [notice] 1#1: exit
2023/05/07 22:03:23 [notice] 1#1: using the "epoll" event method
2023/05/07 22:03:23 [notice] 1#1: nginx/1.23.4
2023/05/07 22:03:23 [notice] 1#1: built by gcc 12.2.1 20220924 (Alpine 12.2.1_git20220924-r4) 
2023/05/07 22:03:23 [notice] 1#1: OS: Linux 5.19.0-41-generic
2023/05/07 22:03:23 [notice] 1#1: getrlimit(RLIMIT_NOFILE): 1048576:1048576
2023/05/07 22:03:23 [notice] 1#1: start worker processes
2023/05/07 22:03:23 [notice] 1#1: start worker process 30
2023/05/07 22:03:23 [notice] 1#1: start worker process 31
2023/05/07 22:03:23 [notice] 1#1: start worker process 32
2023/05/07 22:03:23 [notice] 1#1: start worker process 33
2023/05/07 22:03:23 [notice] 1#1: start worker process 34
2023/05/07 22:03:23 [notice] 1#1: start worker process 35
2023/05/07 22:03:23 [notice] 1#1: start worker process 36
2023/05/07 22:03:23 [notice] 1#1: start worker process 37
2023/05/07 22:04:18 [notice] 1#1: signal 3 (SIGQUIT) received, shutting down
2023/05/07 22:04:18 [notice] 30#30: gracefully shutting down
2023/05/07 22:04:18 [notice] 32#32: gracefully shutting down
2023/05/07 22:04:18 [notice] 33#33: gracefully shutting down
2023/05/07 22:04:18 [notice] 30#30: exiting
2023/05/07 22:04:18 [notice] 32#32: exiting
2023/05/07 22:04:18 [notice] 34#34: gracefully shutting down
2023/05/07 22:04:18 [notice] 33#33: exiting
2023/05/07 22:04:18 [notice] 37#37: gracefully shutting down
2023/05/07 22:04:18 [notice] 37#37: exiting
2023/05/07 22:04:18 [notice] 30#30: exit
2023/05/07 22:04:18 [notice] 32#32: exit
2023/05/07 22:04:18 [notice] 33#33: exit
2023/05/07 22:04:18 [notice] 37#37: exit
2023/05/07 22:04:18 [notice] 35#35: gracefully shutting down
2023/05/07 22:04:18 [notice] 35#35: exiting
2023/05/07 22:04:18 [notice] 36#36: gracefully shutting down
2023/05/07 22:04:18 [notice] 35#35: exit
2023/05/07 22:04:18 [notice] 36#36: exiting
2023/05/07 22:04:18 [notice] 36#36: exit
2023/05/07 22:04:18 [notice] 31#31: gracefully shutting down
2023/05/07 22:04:18 [notice] 31#31: exiting
2023/05/07 22:04:18 [notice] 31#31: exit
2023/05/07 22:04:18 [notice] 1#1: signal 17 (SIGCHLD) received from 30
2023/05/07 22:04:18 [notice] 1#1: worker process 30 exited with code 0
2023/05/07 22:04:18 [notice] 1#1: worker process 33 exited with code 0
2023/05/07 22:04:18 [notice] 1#1: signal 29 (SIGIO) received
2023/05/07 22:04:18 [notice] 1#1: signal 17 (SIGCHLD) received from 33
2023/05/07 22:04:18 [notice] 1#1: signal 17 (SIGCHLD) received from 32
2023/05/07 22:04:18 [notice] 1#1: worker process 32 exited with code 0
2023/05/07 22:04:18 [notice] 1#1: signal 29 (SIGIO) received
2023/05/07 22:04:18 [notice] 1#1: signal 17 (SIGCHLD) received from 35
2023/05/07 22:04:18 [notice] 1#1: worker process 35 exited with code 0
2023/05/07 22:04:18 [notice] 1#1: worker process 31 exited with code 0
2023/05/07 22:04:18 [notice] 1#1: signal 29 (SIGIO) received
2023/05/07 22:04:18 [notice] 1#1: signal 17 (SIGCHLD) received from 31
2023/05/07 22:04:18 [notice] 1#1: signal 17 (SIGCHLD) received from 37
2023/05/07 22:04:18 [notice] 1#1: worker process 37 exited with code 0
2023/05/07 22:04:18 [notice] 1#1: signal 29 (SIGIO) received
2023/05/07 22:04:18 [notice] 1#1: signal 17 (SIGCHLD) received from 36
2023/05/07 22:04:18 [notice] 1#1: worker process 36 exited with code 0
2023/05/07 22:04:18 [notice] 1#1: signal 29 (SIGIO) received
2023/05/07 22:04:20 [notice] 34#34: exiting
2023/05/07 22:04:20 [notice] 34#34: exit
2023/05/07 22:04:20 [notice] 1#1: signal 17 (SIGCHLD) received from 34
2023/05/07 22:04:20 [notice] 1#1: worker process 34 exited with code 0
2023/05/07 22:04:20 [notice] 1#1: exit
2023/05/07 22:06:42 [notice] 1#1: using the "epoll" event method
2023/05/07 22:06:42 [notice] 1#1: nginx/1.23.4
2023/05/07 22:06:42 [notice] 1#1: built by gcc 12.2.1 20220924 (Alpine 12.2.1_git20220924-r4) 
2023/05/07 22:06:42 [notice] 1#1: OS: Linux 5.19.0-41-generic
2023/05/07 22:06:42 [notice] 1#1: getrlimit(RLIMIT_NOFILE): 1048576:1048576
2023/05/07 22:06:42 [notice] 1#1: start worker processes
2023/05/07 22:06:42 [notice] 1#1: start worker process 29
2023/05/07 22:06:42 [notice] 1#1: start worker process 30
2023/05/07 22:06:42 [notice] 1#1: start worker process 31
2023/05/07 22:06:42 [notice] 1#1: start worker process 32
2023/05/07 22:06:42 [notice] 1#1: start worker process 33
2023/05/07 22:06:42 [notice] 1#1: start worker process 34
2023/05/07 22:06:42 [notice] 1#1: start worker process 35
2023/05/07 22:06:42 [notice] 1#1: start worker process 36
2023/05/07 22:10:13 [notice] 1#1: signal 3 (SIGQUIT) received, shutting down
2023/05/07 22:10:13 [notice] 32#32: gracefully shutting down
2023/05/07 22:10:13 [notice] 35#35: gracefully shutting down
2023/05/07 22:10:13 [notice] 36#36: gracefully shutting down
2023/05/07 22:10:13 [notice] 34#34: gracefully shutting down
2023/05/07 22:10:13 [notice] 32#32: exiting
2023/05/07 22:10:13 [notice] 35#35: exiting
2023/05/07 22:10:13 [notice] 36#36: exiting
2023/05/07 22:10:13 [notice] 34#34: exiting
2023/05/07 22:10:13 [notice] 32#32: exit
2023/05/07 22:10:13 [notice] 35#35: exit
2023/05/07 22:10:13 [notice] 34#34: exit
2023/05/07 22:10:13 [notice] 36#36: exit
2023/05/07 22:10:13 [notice] 31#31: gracefully shutting down
2023/05/07 22:10:13 [notice] 31#31: exiting
2023/05/07 22:10:13 [notice] 31#31: exit
2023/05/07 22:10:13 [notice] 33#33: gracefully shutting down
2023/05/07 22:10:13 [notice] 33#33: exiting
2023/05/07 22:10:13 [notice] 33#33: exit
2023/05/07 22:10:13 [notice] 29#29: gracefully shutting down
2023/05/07 22:10:13 [notice] 29#29: exiting
2023/05/07 22:10:13 [notice] 29#29: exit
2023/05/07 22:10:13 [notice] 30#30: gracefully shutting down
2023/05/07 22:10:13 [notice] 30#30: exiting
2023/05/07 22:10:13 [notice] 30#30: exit
2023/05/07 22:10:13 [notice] 1#1: signal 17 (SIGCHLD) received from 36
2023/05/07 22:10:13 [notice] 1#1: worker process 35 exited with code 0
2023/05/07 22:10:13 [notice] 1#1: worker process 32 exited with code 0
2023/05/07 22:10:13 [notice] 1#1: worker process 36 exited with code 0
2023/05/07 22:10:13 [notice] 1#1: worker process 33 exited with code 0
2023/05/07 22:10:13 [notice] 1#1: signal 29 (SIGIO) received
2023/05/07 22:10:13 [notice] 1#1: signal 17 (SIGCHLD) received from 32
2023/05/07 22:10:13 [notice] 1#1: worker process 29 exited with code 0
2023/05/07 22:10:13 [notice] 1#1: signal 29 (SIGIO) received
2023/05/07 22:10:13 [notice] 1#1: signal 17 (SIGCHLD) received from 34
2023/05/07 22:10:13 [notice] 1#1: worker process 34 exited with code 0
2023/05/07 22:10:13 [notice] 1#1: signal 29 (SIGIO) received
2023/05/07 22:10:13 [notice] 1#1: signal 17 (SIGCHLD) received from 31
2023/05/07 22:10:13 [notice] 1#1: worker process 31 exited with code 0
2023/05/07 22:10:13 [notice] 1#1: signal 29 (SIGIO) received
2023/05/07 22:10:13 [notice] 1#1: signal 17 (SIGCHLD) received from 30
2023/05/07 22:10:13 [notice] 1#1: worker process 30 exited with code 0
2023/05/07 22:10:13 [notice] 1#1: exit
2023/05/07 22:10:17 [notice] 1#1: using the "epoll" event method
2023/05/07 22:10:17 [notice] 1#1: nginx/1.23.4
2023/05/07 22:10:17 [notice] 1#1: built by gcc 12.2.1 20220924 (Alpine 12.2.1_git20220924-r4) 
2023/05/07 22:10:17 [notice] 1#1: OS: Linux 5.19.0-41-generic
2023/05/07 22:10:17 [notice] 1#1: getrlimit(RLIMIT_NOFILE): 1048576:1048576
2023/05/07 22:10:17 [notice] 1#1: start worker processes
2023/05/07 22:10:17 [notice] 1#1: start worker process 29
2023/05/07 22:10:17 [notice] 1#1: start worker process 30
2023/05/07 22:10:17 [notice] 1#1: start worker process 31
2023/05/07 22:10:17 [notice] 1#1: start worker process 32
2023/05/07 22:10:17 [notice] 1#1: start worker process 33
2023/05/07 22:10:17 [notice] 1#1: start worker process 34
2023/05/07 22:10:17 [notice] 1#1: start worker process 35
2023/05/07 22:10:17 [notice] 1#1: start worker process 36
2023/05/07 22:10:46 [notice] 1#1: signal 3 (SIGQUIT) received, shutting down
2023/05/07 22:10:46 [notice] 30#30: gracefully shutting down
2023/05/07 22:10:46 [notice] 30#30: exiting
2023/05/07 22:10:46 [notice] 35#35: gracefully shutting down
2023/05/07 22:10:46 [notice] 29#29: gracefully shutting down
2023/05/07 22:10:46 [notice] 35#35: exiting
2023/05/07 22:10:46 [notice] 29#29: exiting
2023/05/07 22:10:46 [notice] 30#30: exit
2023/05/07 22:10:46 [notice] 35#35: exit
2023/05/07 22:10:46 [notice] 29#29: exit
2023/05/07 22:10:46 [notice] 36#36: gracefully shutting down
2023/05/07 22:10:46 [notice] 31#31: gracefully shutting down
2023/05/07 22:10:46 [notice] 36#36: exiting
2023/05/07 22:10:46 [notice] 31#31: exiting
2023/05/07 22:10:46 [notice] 36#36: exit
2023/05/07 22:10:46 [notice] 31#31: exit
2023/05/07 22:10:46 [notice] 32#32: gracefully shutting down
2023/05/07 22:10:46 [notice] 32#32: exiting
2023/05/07 22:10:46 [notice] 32#32: exit
2023/05/07 22:10:46 [notice] 33#33: gracefully shutting down
2023/05/07 22:10:46 [notice] 33#33: exiting
2023/05/07 22:10:46 [notice] 34#34: gracefully shutting down
2023/05/07 22:10:46 [notice] 34#34: exiting
2023/05/07 22:10:46 [notice] 33#33: exit
2023/05/07 22:10:46 [notice] 34#34: exit
2023/05/07 22:10:46 [notice] 1#1: signal 17 (SIGCHLD) received from 35
2023/05/07 22:10:46 [notice] 1#1: worker process 35 exited with code 0
2023/05/07 22:10:46 [notice] 1#1: worker process 36 exited with code 0
2023/05/07 22:10:46 [notice] 1#1: signal 29 (SIGIO) received
2023/05/07 22:10:46 [notice] 1#1: signal 17 (SIGCHLD) received from 32
2023/05/07 22:10:46 [notice] 1#1: worker process 32 exited with code 0
2023/05/07 22:10:46 [notice] 1#1: signal 29 (SIGIO) received
2023/05/07 22:10:46 [notice] 1#1: signal 17 (SIGCHLD) received from 31
2023/05/07 22:10:46 [notice] 1#1: worker process 31 exited with code 0
2023/05/07 22:10:46 [notice] 1#1: worker process 29 exited with code 0
2023/05/07 22:10:46 [notice] 1#1: worker process 33 exited with code 0
2023/05/07 22:10:46 [notice] 1#1: signal 29 (SIGIO) received
2023/05/07 22:10:46 [notice] 1#1: signal 17 (SIGCHLD) received from 29
2023/05/07 22:10:46 [notice] 1#1: signal 17 (SIGCHLD) received from 30
2023/05/07 22:10:46 [notice] 1#1: worker process 30 exited with code 0
2023/05/07 22:10:46 [notice] 1#1: signal 29 (SIGIO) received
2023/05/07 22:10:46 [notice] 1#1: signal 17 (SIGCHLD) received from 34
2023/05/07 22:10:46 [notice] 1#1: worker process 34 exited with code 0
2023/05/07 22:10:46 [notice] 1#1: exit
2023/05/07 22:19:48 [emerg] 1#1: directive "index" is not terminated by ";" in /etc/nginx/conf.d/default.conf:10
2023/05/07 22:20:42 [notice] 1#1: using the "epoll" event method
2023/05/07 22:20:42 [notice] 1#1: nginx/1.23.4
2023/05/07 22:20:42 [notice] 1#1: built by gcc 12.2.1 20220924 (Alpine 12.2.1_git20220924-r4) 
2023/05/07 22:20:42 [notice] 1#1: OS: Linux 5.19.0-41-generic
2023/05/07 22:20:42 [notice] 1#1: getrlimit(RLIMIT_NOFILE): 1048576:1048576
2023/05/07 22:20:42 [notice] 1#1: start worker processes
2023/05/07 22:20:42 [notice] 1#1: start worker process 29
2023/05/07 22:20:42 [notice] 1#1: start worker process 30
2023/05/07 22:20:42 [notice] 1#1: start worker process 31
2023/05/07 22:20:42 [notice] 1#1: start worker process 32
2023/05/07 22:20:42 [notice] 1#1: start worker process 33
2023/05/07 22:20:42 [notice] 1#1: start worker process 34
2023/05/07 22:20:42 [notice] 1#1: start worker process 35
2023/05/07 22:20:42 [notice] 1#1: start worker process 36
2023/05/07 22:24:16 [notice] 1#1: signal 3 (SIGQUIT) received, shutting down
2023/05/07 22:24:16 [notice] 29#29: gracefully shutting down
2023/05/07 22:24:16 [notice] 31#31: gracefully shutting down
2023/05/07 22:24:16 [notice] 29#29: exiting
2023/05/07 22:24:16 [notice] 31#31: exiting
2023/05/07 22:24:16 [notice] 30#30: gracefully shutting down
2023/05/07 22:24:16 [notice] 30#30: exiting
2023/05/07 22:24:16 [notice] 29#29: exit
2023/05/07 22:24:16 [notice] 31#31: exit
2023/05/07 22:24:16 [notice] 30#30: exit
2023/05/07 22:24:16 [notice] 34#34: gracefully shutting down
2023/05/07 22:24:16 [notice] 34#34: exiting
2023/05/07 22:24:16 [notice] 34#34: exit
2023/05/07 22:24:16 [notice] 32#32: gracefully shutting down
2023/05/07 22:24:16 [notice] 32#32: exiting
2023/05/07 22:24:16 [notice] 33#33: gracefully shutting down
2023/05/07 22:24:16 [notice] 33#33: exiting
2023/05/07 22:24:16 [notice] 35#35: gracefully shutting down
2023/05/07 22:24:16 [notice] 35#35: exiting
2023/05/07 22:24:16 [notice] 32#32: exit
2023/05/07 22:24:16 [notice] 35#35: exit
2023/05/07 22:24:16 [notice] 33#33: exit
2023/05/07 22:24:16 [notice] 36#36: gracefully shutting down
2023/05/07 22:24:16 [notice] 36#36: exiting
2023/05/07 22:24:16 [notice] 36#36: exit
2023/05/07 22:24:16 [notice] 1#1: signal 17 (SIGCHLD) received from 30
2023/05/07 22:24:16 [notice] 1#1: worker process 30 exited with code 0
2023/05/07 22:24:16 [notice] 1#1: signal 29 (SIGIO) received
2023/05/07 22:24:16 [notice] 1#1: signal 17 (SIGCHLD) received from 31
2023/05/07 22:24:16 [notice] 1#1: worker process 31 exited with code 0
2023/05/07 22:24:16 [notice] 1#1: worker process 29 exited with code 0
2023/05/07 22:24:16 [notice] 1#1: worker process 32 exited with code 0
2023/05/07 22:24:16 [notice] 1#1: worker process 34 exited with code 0
2023/05/07 22:24:16 [notice] 1#1: worker process 35 exited with code 0
2023/05/07 22:24:16 [notice] 1#1: signal 29 (SIGIO) received
2023/05/07 22:24:16 [notice] 1#1: signal 17 (SIGCHLD) received from 29
2023/05/07 22:24:16 [notice] 1#1: signal 17 (SIGCHLD) received from 33
2023/05/07 22:24:16 [notice] 1#1: worker process 33 exited with code 0
2023/05/07 22:24:16 [notice] 1#1: signal 29 (SIGIO) received
2023/05/07 22:24:16 [notice] 1#1: signal 17 (SIGCHLD) received from 36
2023/05/07 22:24:16 [notice] 1#1: worker process 36 exited with code 0
2023/05/07 22:24:16 [notice] 1#1: exit
2023/05/07 22:28:17 [notice] 1#1: using the "epoll" event method
2023/05/07 22:28:17 [notice] 1#1: nginx/1.23.4
2023/05/07 22:28:17 [notice] 1#1: built by gcc 12.2.1 20220924 (Alpine 12.2.1_git20220924-r4) 
2023/05/07 22:28:17 [notice] 1#1: OS: Linux 5.19.0-41-generic
2023/05/07 22:28:17 [notice] 1#1: getrlimit(RLIMIT_NOFILE): 1048576:1048576
2023/05/07 22:28:17 [notice] 1#1: start worker processes
2023/05/07 22:28:17 [notice] 1#1: start worker process 29
2023/05/07 22:28:17 [notice] 1#1: start worker process 30
2023/05/07 22:28:17 [notice] 1#1: start worker process 31
2023/05/07 22:28:17 [notice] 1#1: start worker process 32
2023/05/07 22:28:17 [notice] 1#1: start worker process 33
2023/05/07 22:28:17 [notice] 1#1: start worker process 34
2023/05/07 22:28:17 [notice] 1#1: start worker process 35
2023/05/07 22:28:17 [notice] 1#1: start worker process 36
2023/05/07 22:31:46 [notice] 1#1: signal 3 (SIGQUIT) received, shutting down
2023/05/07 22:31:46 [notice] 29#29: gracefully shutting down
2023/05/07 22:31:46 [notice] 30#30: gracefully shutting down
2023/05/07 22:31:46 [notice] 29#29: exiting
2023/05/07 22:31:46 [notice] 30#30: exiting
2023/05/07 22:31:46 [notice] 30#30: exit
2023/05/07 22:31:46 [notice] 29#29: exit
2023/05/07 22:31:46 [notice] 31#31: gracefully shutting down
2023/05/07 22:31:46 [notice] 31#31: exiting
2023/05/07 22:31:46 [notice] 31#31: exit
2023/05/07 22:31:46 [notice] 32#32: gracefully shutting down
2023/05/07 22:31:46 [notice] 32#32: exiting
2023/05/07 22:31:46 [notice] 35#35: gracefully shutting down
2023/05/07 22:31:46 [notice] 35#35: exiting
2023/05/07 22:31:46 [notice] 32#32: exit
2023/05/07 22:31:46 [notice] 35#35: exit
2023/05/07 22:31:46 [notice] 33#33: gracefully shutting down
2023/05/07 22:31:46 [notice] 33#33: exiting
2023/05/07 22:31:46 [notice] 33#33: exit
2023/05/07 22:31:46 [notice] 34#34: gracefully shutting down
2023/05/07 22:31:46 [notice] 34#34: exiting
2023/05/07 22:31:46 [notice] 36#36: gracefully shutting down
2023/05/07 22:31:46 [notice] 36#36: exiting
2023/05/07 22:31:46 [notice] 34#34: exit
2023/05/07 22:31:46 [notice] 36#36: exit
2023/05/07 22:31:46 [notice] 1#1: signal 17 (SIGCHLD) received from 29
2023/05/07 22:31:46 [notice] 1#1: worker process 29 exited with code 0
2023/05/07 22:31:46 [notice] 1#1: worker process 32 exited with code 0
2023/05/07 22:31:46 [notice] 1#1: worker process 34 exited with code 0
2023/05/07 22:31:46 [notice] 1#1: signal 29 (SIGIO) received
2023/05/07 22:31:46 [notice] 1#1: signal 17 (SIGCHLD) received from 33
2023/05/07 22:31:46 [notice] 1#1: worker process 33 exited with code 0
2023/05/07 22:31:46 [notice] 1#1: signal 29 (SIGIO) received
2023/05/07 22:31:46 [notice] 1#1: signal 17 (SIGCHLD) received from 31
2023/05/07 22:31:46 [notice] 1#1: worker process 31 exited with code 0
2023/05/07 22:31:46 [notice] 1#1: signal 29 (SIGIO) received
2023/05/07 22:31:46 [notice] 1#1: signal 17 (SIGCHLD) received from 35
2023/05/07 22:31:46 [notice] 1#1: worker process 35 exited with code 0
2023/05/07 22:31:46 [notice] 1#1: worker process 30 exited with code 0
2023/05/07 22:31:46 [notice] 1#1: worker process 36 exited with code 0
2023/05/07 22:31:46 [notice] 1#1: exit
2023/05/07 22:35:39 [notice] 1#1: using the "epoll" event method
2023/05/07 22:35:39 [notice] 1#1: nginx/1.23.4
2023/05/07 22:35:39 [notice] 1#1: built by gcc 12.2.1 20220924 (Alpine 12.2.1_git20220924-r4) 
2023/05/07 22:35:39 [notice] 1#1: OS: Linux 5.19.0-41-generic
2023/05/07 22:35:39 [notice] 1#1: getrlimit(RLIMIT_NOFILE): 1048576:1048576
2023/05/07 22:35:39 [notice] 1#1: start worker processes
2023/05/07 22:35:39 [notice] 1#1: start worker process 29
2023/05/07 22:35:39 [notice] 1#1: start worker process 30
2023/05/07 22:35:39 [notice] 1#1: start worker process 31
2023/05/07 22:35:39 [notice] 1#1: start worker process 32
2023/05/07 22:35:39 [notice] 1#1: start worker process 33
2023/05/07 22:35:39 [notice] 1#1: start worker process 34
2023/05/07 22:35:39 [notice] 1#1: start worker process 35
2023/05/07 22:35:39 [notice] 1#1: start worker process 36
2023/05/07 22:41:59 [notice] 1#1: signal 3 (SIGQUIT) received, shutting down
2023/05/07 22:41:59 [notice] 29#29: gracefully shutting down
2023/05/07 22:41:59 [notice] 33#33: gracefully shutting down
2023/05/07 22:41:59 [notice] 29#29: exiting
2023/05/07 22:41:59 [notice] 34#34: gracefully shutting down
2023/05/07 22:41:59 [notice] 35#35: gracefully shutting down
2023/05/07 22:41:59 [notice] 31#31: gracefully shutting down
2023/05/07 22:41:59 [notice] 33#33: exiting
2023/05/07 22:41:59 [notice] 34#34: exiting
2023/05/07 22:41:59 [notice] 35#35: exiting
2023/05/07 22:41:59 [notice] 31#31: exiting
2023/05/07 22:41:59 [notice] 29#29: exit
2023/05/07 22:41:59 [notice] 33#33: exit
2023/05/07 22:41:59 [notice] 31#31: exit
2023/05/07 22:41:59 [notice] 35#35: exit
2023/05/07 22:41:59 [notice] 34#34: exit
2023/05/07 22:41:59 [notice] 30#30: gracefully shutting down
2023/05/07 22:41:59 [notice] 32#32: gracefully shutting down
2023/05/07 22:41:59 [notice] 30#30: exiting
2023/05/07 22:41:59 [notice] 32#32: exiting
2023/05/07 22:41:59 [notice] 30#30: exit
2023/05/07 22:41:59 [notice] 32#32: exit
2023/05/07 22:41:59 [notice] 36#36: gracefully shutting down
2023/05/07 22:41:59 [notice] 36#36: exiting
2023/05/07 22:41:59 [notice] 36#36: exit
2023/05/07 22:41:59 [notice] 1#1: signal 17 (SIGCHLD) received from 36
2023/05/07 22:41:59 [notice] 1#1: worker process 29 exited with code 0
2023/05/07 22:41:59 [notice] 1#1: worker process 30 exited with code 0
2023/05/07 22:41:59 [notice] 1#1: worker process 31 exited with code 0
2023/05/07 22:41:59 [notice] 1#1: worker process 32 exited with code 0
2023/05/07 22:41:59 [notice] 1#1: worker process 35 exited with code 0
2023/05/07 22:41:59 [notice] 1#1: worker process 36 exited with code 0
2023/05/07 22:41:59 [notice] 1#1: worker process 33 exited with code 0
2023/05/07 22:41:59 [notice] 1#1: signal 29 (SIGIO) received
2023/05/07 22:41:59 [notice] 1#1: signal 17 (SIGCHLD) received from 29
2023/05/07 22:41:59 [notice] 1#1: worker process 34 exited with code 0
2023/05/07 22:41:59 [notice] 1#1: exit
2023/05/07 22:44:36 [notice] 1#1: using the "epoll" event method
2023/05/07 22:44:36 [notice] 1#1: nginx/1.23.4
2023/05/07 22:44:36 [notice] 1#1: built by gcc 12.2.1 20220924 (Alpine 12.2.1_git20220924-r4) 
2023/05/07 22:44:36 [notice] 1#1: OS: Linux 5.19.0-41-generic
2023/05/07 22:44:36 [notice] 1#1: getrlimit(RLIMIT_NOFILE): 1048576:1048576
2023/05/07 22:44:36 [notice] 1#1: start worker processes
2023/05/07 22:44:36 [notice] 1#1: start worker process 29
2023/05/07 22:44:36 [notice] 1#1: start worker process 30
2023/05/07 22:44:36 [notice] 1#1: start worker process 31
2023/05/07 22:44:36 [notice] 1#1: start worker process 32
2023/05/07 22:44:36 [notice] 1#1: start worker process 33
2023/05/07 22:44:36 [notice] 1#1: start worker process 34
2023/05/07 22:44:36 [notice] 1#1: start worker process 35
2023/05/07 22:44:36 [notice] 1#1: start worker process 36
2023/05/07 22:51:02 [notice] 1#1: signal 3 (SIGQUIT) received, shutting down
2023/05/07 22:51:02 [notice] 32#32: gracefully shutting down
2023/05/07 22:51:02 [notice] 31#31: gracefully shutting down
2023/05/07 22:51:02 [notice] 32#32: exiting
2023/05/07 22:51:02 [notice] 36#36: gracefully shutting down
2023/05/07 22:51:02 [notice] 31#31: exiting
2023/05/07 22:51:02 [notice] 30#30: gracefully shutting down
2023/05/07 22:51:02 [notice] 36#36: exiting
2023/05/07 22:51:02 [notice] 30#30: exiting
2023/05/07 22:51:02 [notice] 32#32: exit
2023/05/07 22:51:02 [notice] 31#31: exit
2023/05/07 22:51:02 [notice] 36#36: exit
2023/05/07 22:51:02 [notice] 30#30: exit
2023/05/07 22:51:02 [notice] 35#35: gracefully shutting down
2023/05/07 22:51:02 [notice] 33#33: gracefully shutting down
2023/05/07 22:51:02 [notice] 35#35: exiting
2023/05/07 22:51:02 [notice] 33#33: exiting
2023/05/07 22:51:02 [notice] 35#35: exit
2023/05/07 22:51:02 [notice] 33#33: exit
2023/05/07 22:51:02 [notice] 34#34: gracefully shutting down
2023/05/07 22:51:02 [notice] 34#34: exiting
2023/05/07 22:51:02 [notice] 34#34: exit
2023/05/07 22:51:02 [notice] 29#29: gracefully shutting down
2023/05/07 22:51:02 [notice] 29#29: exiting
2023/05/07 22:51:02 [notice] 29#29: exit
2023/05/07 22:51:02 [notice] 1#1: signal 17 (SIGCHLD) received from 34
2023/05/07 22:51:02 [notice] 1#1: worker process 31 exited with code 0
2023/05/07 22:51:02 [notice] 1#1: worker process 32 exited with code 0
2023/05/07 22:51:02 [notice] 1#1: worker process 33 exited with code 0
2023/05/07 22:51:02 [notice] 1#1: worker process 34 exited with code 0
2023/05/07 22:51:02 [notice] 1#1: signal 29 (SIGIO) received
2023/05/07 22:51:02 [notice] 1#1: signal 17 (SIGCHLD) received from 31
2023/05/07 22:51:02 [notice] 1#1: signal 17 (SIGCHLD) received from 36
2023/05/07 22:51:02 [notice] 1#1: worker process 29 exited with code 0
2023/05/07 22:51:02 [notice] 1#1: worker process 35 exited with code 0
2023/05/07 22:51:02 [notice] 1#1: worker process 36 exited with code 0
2023/05/07 22:51:02 [notice] 1#1: worker process 30 exited with code 0
2023/05/07 22:51:02 [notice] 1#1: exit
2023/05/07 22:53:27 [notice] 1#1: using the "epoll" event method
2023/05/07 22:53:27 [notice] 1#1: nginx/1.23.4
2023/05/07 22:53:27 [notice] 1#1: built by gcc 12.2.1 20220924 (Alpine 12.2.1_git20220924-r4) 
2023/05/07 22:53:27 [notice] 1#1: OS: Linux 5.19.0-41-generic
2023/05/07 22:53:27 [notice] 1#1: getrlimit(RLIMIT_NOFILE): 1048576:1048576
2023/05/07 22:53:27 [notice] 1#1: start worker processes
2023/05/07 22:53:27 [notice] 1#1: start worker process 29
2023/05/07 22:53:27 [notice] 1#1: start worker process 30
2023/05/07 22:53:27 [notice] 1#1: start worker process 31
2023/05/07 22:53:27 [notice] 1#1: start worker process 32
2023/05/07 22:53:27 [notice] 1#1: start worker process 33
2023/05/07 22:53:27 [notice] 1#1: start worker process 34
2023/05/07 22:53:27 [notice] 1#1: start worker process 35
2023/05/07 22:53:27 [notice] 1#1: start worker process 36
2023/05/07 22:56:41 [notice] 1#1: signal 3 (SIGQUIT) received, shutting down
2023/05/07 22:56:41 [notice] 29#29: gracefully shutting down
2023/05/07 22:56:41 [notice] 31#31: gracefully shutting down
2023/05/07 22:56:41 [notice] 30#30: gracefully shutting down
2023/05/07 22:56:41 [notice] 31#31: exiting
2023/05/07 22:56:41 [notice] 29#29: exiting
2023/05/07 22:56:41 [notice] 30#30: exiting
2023/05/07 22:56:41 [notice] 29#29: exit
2023/05/07 22:56:41 [notice] 30#30: exit
2023/05/07 22:56:41 [notice] 31#31: exit
2023/05/07 22:56:41 [notice] 32#32: gracefully shutting down
2023/05/07 22:56:41 [notice] 32#32: exiting
2023/05/07 22:56:41 [notice] 32#32: exit
2023/05/07 22:56:41 [notice] 36#36: gracefully shutting down
2023/05/07 22:56:41 [notice] 35#35: gracefully shutting down
2023/05/07 22:56:41 [notice] 36#36: exiting
2023/05/07 22:56:41 [notice] 35#35: exiting
2023/05/07 22:56:41 [notice] 36#36: exit
2023/05/07 22:56:41 [notice] 35#35: exit
2023/05/07 22:56:41 [notice] 34#34: gracefully shutting down
2023/05/07 22:56:41 [notice] 34#34: exiting
2023/05/07 22:56:41 [notice] 34#34: exit
2023/05/07 22:56:41 [notice] 33#33: gracefully shutting down
2023/05/07 22:56:41 [notice] 33#33: exiting
2023/05/07 22:56:41 [notice] 33#33: exit
2023/05/07 22:56:41 [notice] 1#1: signal 17 (SIGCHLD) received from 31
2023/05/07 22:56:41 [notice] 1#1: worker process 31 exited with code 0
2023/05/07 22:56:41 [notice] 1#1: signal 29 (SIGIO) received
2023/05/07 22:56:41 [notice] 1#1: signal 17 (SIGCHLD) received from 33
2023/05/07 22:56:41 [notice] 1#1: worker process 30 exited with code 0
2023/05/07 22:56:41 [notice] 1#1: worker process 33 exited with code 0
2023/05/07 22:56:41 [notice] 1#1: worker process 35 exited with code 0
2023/05/07 22:56:41 [notice] 1#1: signal 29 (SIGIO) received
2023/05/07 22:56:41 [notice] 1#1: signal 17 (SIGCHLD) received from 32
2023/05/07 22:56:41 [notice] 1#1: worker process 29 exited with code 0
2023/05/07 22:56:41 [notice] 1#1: worker process 32 exited with code 0
2023/05/07 22:56:41 [notice] 1#1: worker process 34 exited with code 0
2023/05/07 22:56:41 [notice] 1#1: signal 29 (SIGIO) received
2023/05/07 22:56:41 [notice] 1#1: signal 17 (SIGCHLD) received from 34
2023/05/07 22:56:41 [notice] 1#1: signal 17 (SIGCHLD) received from 36
2023/05/07 22:56:41 [notice] 1#1: worker process 36 exited with code 0
2023/05/07 22:56:41 [notice] 1#1: exit
2023/05/08 08:49:13 [notice] 1#1: using the "epoll" event method
2023/05/08 08:49:13 [notice] 1#1: nginx/1.23.4
2023/05/08 08:49:13 [notice] 1#1: built by gcc 12.2.1 20220924 (Alpine 12.2.1_git20220924-r4) 
2023/05/08 08:49:13 [notice] 1#1: OS: Linux 5.19.0-41-generic
2023/05/08 08:49:13 [notice] 1#1: getrlimit(RLIMIT_NOFILE): 1048576:1048576
2023/05/08 08:49:13 [notice] 1#1: start worker processes
2023/05/08 08:49:13 [notice] 1#1: start worker process 30
2023/05/08 08:49:13 [notice] 1#1: start worker process 31
2023/05/08 08:49:13 [notice] 1#1: start worker process 32
2023/05/08 08:49:13 [notice] 1#1: start worker process 33
2023/05/08 08:49:13 [notice] 1#1: start worker process 34
2023/05/08 08:49:13 [notice] 1#1: start worker process 35
2023/05/08 08:49:13 [notice] 1#1: start worker process 36
2023/05/08 08:49:13 [notice] 1#1: start worker process 37
2023/05/08 09:53:42 [notice] 1#1: signal 3 (SIGQUIT) received, shutting down
2023/05/08 09:53:42 [notice] 30#30: gracefully shutting down
2023/05/08 09:53:42 [notice] 31#31: gracefully shutting down
2023/05/08 09:53:42 [notice] 35#35: gracefully shutting down
2023/05/08 09:53:42 [notice] 31#31: exiting
2023/05/08 09:53:42 [notice] 30#30: exiting
2023/05/08 09:53:42 [notice] 37#37: gracefully shutting down
2023/05/08 09:53:42 [notice] 35#35: exiting
2023/05/08 09:53:42 [notice] 37#37: exiting
2023/05/08 09:53:42 [notice] 31#31: exit
2023/05/08 09:53:42 [notice] 30#30: exit
2023/05/08 09:53:42 [notice] 37#37: exit
2023/05/08 09:53:42 [notice] 35#35: exit
2023/05/08 09:53:42 [notice] 36#36: gracefully shutting down
2023/05/08 09:53:42 [notice] 34#34: gracefully shutting down
2023/05/08 09:53:42 [notice] 34#34: exiting
2023/05/08 09:53:42 [notice] 36#36: exiting
2023/05/08 09:53:42 [notice] 34#34: exit
2023/05/08 09:53:42 [notice] 36#36: exit
2023/05/08 09:53:42 [notice] 32#32: gracefully shutting down
2023/05/08 09:53:42 [notice] 32#32: exiting
2023/05/08 09:53:42 [notice] 32#32: exit
2023/05/08 09:53:42 [notice] 33#33: gracefully shutting down
2023/05/08 09:53:42 [notice] 33#33: exiting
2023/05/08 09:53:42 [notice] 33#33: exit
2023/05/08 09:53:43 [notice] 1#1: signal 17 (SIGCHLD) received from 34
2023/05/08 09:53:43 [notice] 1#1: worker process 30 exited with code 0
2023/05/08 09:53:43 [notice] 1#1: worker process 32 exited with code 0
2023/05/08 09:53:43 [notice] 1#1: worker process 34 exited with code 0
2023/05/08 09:53:43 [notice] 1#1: worker process 36 exited with code 0
2023/05/08 09:53:43 [notice] 1#1: worker process 33 exited with code 0
2023/05/08 09:53:43 [notice] 1#1: signal 29 (SIGIO) received
2023/05/08 09:53:43 [notice] 1#1: signal 17 (SIGCHLD) received from 33
2023/05/08 09:53:43 [notice] 1#1: worker process 31 exited with code 0
2023/05/08 09:53:43 [notice] 1#1: signal 29 (SIGIO) received
2023/05/08 09:53:43 [notice] 1#1: signal 17 (SIGCHLD) received from 37
2023/05/08 09:53:43 [notice] 1#1: worker process 37 exited with code 0
2023/05/08 09:53:43 [notice] 1#1: signal 29 (SIGIO) received
2023/05/08 09:53:43 [notice] 1#1: signal 17 (SIGCHLD) received from 35
2023/05/08 09:53:43 [notice] 1#1: worker process 35 exited with code 0
2023/05/08 09:53:43 [notice] 1#1: exit
2023/05/08 10:11:23 [notice] 1#1: using the "epoll" event method
2023/05/08 10:11:23 [notice] 1#1: nginx/1.23.4
2023/05/08 10:11:23 [notice] 1#1: built by gcc 12.2.1 20220924 (Alpine 12.2.1_git20220924-r4) 
2023/05/08 10:11:23 [notice] 1#1: OS: Linux 5.19.0-41-generic
2023/05/08 10:11:23 [notice] 1#1: getrlimit(RLIMIT_NOFILE): 1048576:1048576
2023/05/08 10:11:23 [notice] 1#1: start worker processes
2023/05/08 10:11:23 [notice] 1#1: start worker process 29
2023/05/08 10:11:23 [notice] 1#1: start worker process 30
2023/05/08 10:11:23 [notice] 1#1: start worker process 31
2023/05/08 10:11:23 [notice] 1#1: start worker process 32
2023/05/08 10:11:23 [notice] 1#1: start worker process 33
2023/05/08 10:11:23 [notice] 1#1: start worker process 34
2023/05/08 10:11:23 [notice] 1#1: start worker process 35
2023/05/08 10:11:23 [notice] 1#1: start worker process 36
2023/05/08 10:45:50 [notice] 1#1: signal 3 (SIGQUIT) received, shutting down
2023/05/08 10:45:50 [notice] 29#29: gracefully shutting down
2023/05/08 10:45:50 [notice] 30#30: gracefully shutting down
2023/05/08 10:45:50 [notice] 29#29: exiting
2023/05/08 10:45:50 [notice] 30#30: exiting
2023/05/08 10:45:50 [notice] 29#29: exit
2023/05/08 10:45:50 [notice] 30#30: exit
2023/05/08 10:45:50 [notice] 31#31: gracefully shutting down
2023/05/08 10:45:50 [notice] 32#32: gracefully shutting down
2023/05/08 10:45:50 [notice] 31#31: exiting
2023/05/08 10:45:50 [notice] 32#32: exiting
2023/05/08 10:45:50 [notice] 33#33: gracefully shutting down
2023/05/08 10:45:50 [notice] 36#36: gracefully shutting down
2023/05/08 10:45:50 [notice] 36#36: exiting
2023/05/08 10:45:50 [notice] 34#34: gracefully shutting down
2023/05/08 10:45:50 [notice] 34#34: exiting
2023/05/08 10:45:50 [notice] 33#33: exiting
2023/05/08 10:45:50 [notice] 36#36: exit
2023/05/08 10:45:50 [notice] 35#35: gracefully shutting down
2023/05/08 10:45:50 [notice] 31#31: exit
2023/05/08 10:45:50 [notice] 32#32: exit
2023/05/08 10:45:50 [notice] 34#34: exit
2023/05/08 10:45:50 [notice] 33#33: exit
2023/05/08 10:45:50 [notice] 35#35: exiting
2023/05/08 10:45:50 [notice] 35#35: exit
2023/05/08 10:45:50 [notice] 1#1: signal 17 (SIGCHLD) received from 32
2023/05/08 10:45:50 [notice] 1#1: worker process 31 exited with code 0
2023/05/08 10:45:50 [notice] 1#1: worker process 32 exited with code 0
2023/05/08 10:45:50 [notice] 1#1: worker process 35 exited with code 0
2023/05/08 10:45:50 [notice] 1#1: signal 29 (SIGIO) received
2023/05/08 10:45:50 [notice] 1#1: signal 17 (SIGCHLD) received from 35
2023/05/08 10:45:50 [notice] 1#1: signal 17 (SIGCHLD) received from 29
2023/05/08 10:45:50 [notice] 1#1: worker process 29 exited with code 0
2023/05/08 10:45:50 [notice] 1#1: worker process 30 exited with code 0
2023/05/08 10:45:50 [notice] 1#1: worker process 36 exited with code 0
2023/05/08 10:45:50 [notice] 1#1: signal 29 (SIGIO) received
2023/05/08 10:45:50 [notice] 1#1: signal 17 (SIGCHLD) received from 36
2023/05/08 10:45:50 [notice] 1#1: signal 17 (SIGCHLD) received from 34
2023/05/08 10:45:50 [notice] 1#1: worker process 34 exited with code 0
2023/05/08 10:45:50 [notice] 1#1: signal 29 (SIGIO) received
2023/05/08 10:45:50 [notice] 1#1: signal 17 (SIGCHLD) received from 33
2023/05/08 10:45:50 [notice] 1#1: worker process 33 exited with code 0
2023/05/08 10:45:50 [notice] 1#1: exit
2023/05/08 11:16:53 [notice] 1#1: using the "epoll" event method
2023/05/08 11:16:53 [notice] 1#1: nginx/1.23.4
2023/05/08 11:16:53 [notice] 1#1: built by gcc 12.2.1 20220924 (Alpine 12.2.1_git20220924-r4) 
2023/05/08 11:16:53 [notice] 1#1: OS: Linux 5.19.0-41-generic
2023/05/08 11:16:53 [notice] 1#1: getrlimit(RLIMIT_NOFILE): 1048576:1048576
2023/05/08 11:16:53 [notice] 1#1: start worker processes
2023/05/08 11:16:53 [notice] 1#1: start worker process 28
2023/05/08 11:16:53 [notice] 1#1: start worker process 29
2023/05/08 11:16:53 [notice] 1#1: start worker process 30
2023/05/08 11:16:53 [notice] 1#1: start worker process 31
2023/05/08 11:16:53 [notice] 1#1: start worker process 32
2023/05/08 11:16:53 [notice] 1#1: start worker process 33
2023/05/08 11:16:53 [notice] 1#1: start worker process 34
2023/05/08 11:16:53 [notice] 1#1: start worker process 35
2023/05/08 11:27:07 [notice] 1#1: signal 3 (SIGQUIT) received, shutting down
2023/05/08 11:27:07 [notice] 28#28: gracefully shutting down
2023/05/08 11:27:07 [notice] 29#29: gracefully shutting down
2023/05/08 11:27:07 [notice] 34#34: gracefully shutting down
2023/05/08 11:27:07 [notice] 28#28: exiting
2023/05/08 11:27:07 [notice] 29#29: exiting
2023/05/08 11:27:07 [notice] 35#35: gracefully shutting down
2023/05/08 11:27:07 [notice] 34#34: exiting
2023/05/08 11:27:07 [notice] 35#35: exiting
2023/05/08 11:27:07 [notice] 29#29: exit
2023/05/08 11:27:07 [notice] 28#28: exit
2023/05/08 11:27:07 [notice] 34#34: exit
2023/05/08 11:27:07 [notice] 35#35: exit
2023/05/08 11:27:07 [notice] 32#32: gracefully shutting down
2023/05/08 11:27:07 [notice] 32#32: exiting
2023/05/08 11:27:07 [notice] 32#32: exit
2023/05/08 11:27:07 [notice] 33#33: gracefully shutting down
2023/05/08 11:27:07 [notice] 33#33: exiting
2023/05/08 11:27:07 [notice] 30#30: gracefully shutting down
2023/05/08 11:27:07 [notice] 33#33: exit
2023/05/08 11:27:07 [notice] 30#30: exiting
2023/05/08 11:27:07 [notice] 31#31: gracefully shutting down
2023/05/08 11:27:07 [notice] 31#31: exiting
2023/05/08 11:27:07 [notice] 31#31: exit
2023/05/08 11:27:07 [notice] 30#30: exit
2023/05/08 11:27:07 [notice] 1#1: signal 17 (SIGCHLD) received from 34
2023/05/08 11:27:07 [notice] 1#1: worker process 34 exited with code 0
2023/05/08 11:27:07 [notice] 1#1: signal 29 (SIGIO) received
2023/05/08 11:27:07 [notice] 1#1: signal 17 (SIGCHLD) received from 35
2023/05/08 11:27:07 [notice] 1#1: worker process 31 exited with code 0
2023/05/08 11:27:07 [notice] 1#1: worker process 32 exited with code 0
2023/05/08 11:27:07 [notice] 1#1: worker process 35 exited with code 0
2023/05/08 11:27:07 [notice] 1#1: signal 29 (SIGIO) received
2023/05/08 11:27:07 [notice] 1#1: signal 17 (SIGCHLD) received from 32
2023/05/08 11:27:07 [notice] 1#1: signal 17 (SIGCHLD) received from 28
2023/05/08 11:27:07 [notice] 1#1: worker process 28 exited with code 0
2023/05/08 11:27:07 [notice] 1#1: worker process 33 exited with code 0
2023/05/08 11:27:07 [notice] 1#1: signal 29 (SIGIO) received
2023/05/08 11:27:07 [notice] 1#1: signal 17 (SIGCHLD) received from 33
2023/05/08 11:27:07 [notice] 1#1: signal 17 (SIGCHLD) received from 30
2023/05/08 11:27:07 [notice] 1#1: worker process 30 exited with code 0
2023/05/08 11:27:07 [notice] 1#1: signal 29 (SIGIO) received
2023/05/08 11:27:07 [notice] 1#1: signal 17 (SIGCHLD) received from 29
2023/05/08 11:27:07 [notice] 1#1: worker process 29 exited with code 0
2023/05/08 11:27:07 [notice] 1#1: exit
2023/05/08 12:17:11 [notice] 1#1: using the "epoll" event method
2023/05/08 12:17:11 [notice] 1#1: nginx/1.23.4
2023/05/08 12:17:11 [notice] 1#1: built by gcc 12.2.1 20220924 (Alpine 12.2.1_git20220924-r4) 
2023/05/08 12:17:11 [notice] 1#1: OS: Linux 5.19.0-41-generic
2023/05/08 12:17:11 [notice] 1#1: getrlimit(RLIMIT_NOFILE): 1048576:1048576
2023/05/08 12:17:11 [notice] 1#1: start worker processes
2023/05/08 12:17:11 [notice] 1#1: start worker process 29
2023/05/08 12:17:11 [notice] 1#1: start worker process 30
2023/05/08 12:17:11 [notice] 1#1: start worker process 31
2023/05/08 12:17:11 [notice] 1#1: start worker process 32
2023/05/08 12:17:11 [notice] 1#1: start worker process 33
2023/05/08 12:17:11 [notice] 1#1: start worker process 34
2023/05/08 12:17:11 [notice] 1#1: start worker process 35
2023/05/08 12:17:11 [notice] 1#1: start worker process 36
2023/05/08 13:06:50 [notice] 1#1: signal 3 (SIGQUIT) received, shutting down
2023/05/08 13:06:50 [notice] 29#29: gracefully shutting down
2023/05/08 13:06:50 [notice] 29#29: exiting
2023/05/08 13:06:50 [notice] 35#35: gracefully shutting down
2023/05/08 13:06:50 [notice] 30#30: gracefully shutting down
2023/05/08 13:06:50 [notice] 35#35: exiting
2023/05/08 13:06:50 [notice] 30#30: exiting
2023/05/08 13:06:50 [notice] 31#31: gracefully shutting down
2023/05/08 13:06:50 [notice] 31#31: exiting
2023/05/08 13:06:50 [notice] 29#29: exit
2023/05/08 13:06:50 [notice] 30#30: exit
2023/05/08 13:06:50 [notice] 35#35: exit
2023/05/08 13:06:50 [notice] 31#31: exit
2023/05/08 13:06:50 [notice] 32#32: gracefully shutting down
2023/05/08 13:06:50 [notice] 32#32: exiting
2023/05/08 13:06:50 [notice] 32#32: exit
2023/05/08 13:06:50 [notice] 34#34: gracefully shutting down
2023/05/08 13:06:50 [notice] 33#33: gracefully shutting down
2023/05/08 13:06:50 [notice] 34#34: exiting
2023/05/08 13:06:50 [notice] 33#33: exiting
2023/05/08 13:06:50 [notice] 36#36: gracefully shutting down
2023/05/08 13:06:50 [notice] 36#36: exiting
2023/05/08 13:06:50 [notice] 34#34: exit
2023/05/08 13:06:50 [notice] 33#33: exit
2023/05/08 13:06:50 [notice] 36#36: exit
2023/05/08 13:06:50 [notice] 1#1: signal 17 (SIGCHLD) received from 35
2023/05/08 13:06:50 [notice] 1#1: worker process 35 exited with code 0
2023/05/08 13:06:50 [notice] 1#1: worker process 36 exited with code 0
2023/05/08 13:06:50 [notice] 1#1: signal 29 (SIGIO) received
2023/05/08 13:06:50 [notice] 1#1: signal 17 (SIGCHLD) received from 30
2023/05/08 13:06:50 [notice] 1#1: worker process 30 exited with code 0
2023/05/08 13:06:50 [notice] 1#1: signal 29 (SIGIO) received
2023/05/08 13:06:50 [notice] 1#1: signal 17 (SIGCHLD) received from 31
2023/05/08 13:06:50 [notice] 1#1: worker process 31 exited with code 0
2023/05/08 13:06:50 [notice] 1#1: signal 29 (SIGIO) received
2023/05/08 13:06:50 [notice] 1#1: signal 17 (SIGCHLD) received from 34
2023/05/08 13:06:50 [notice] 1#1: worker process 34 exited with code 0
2023/05/08 13:06:50 [notice] 1#1: signal 29 (SIGIO) received
2023/05/08 13:06:50 [notice] 1#1: signal 17 (SIGCHLD) received from 29
2023/05/08 13:06:50 [notice] 1#1: worker process 29 exited with code 0
2023/05/08 13:06:50 [notice] 1#1: signal 29 (SIGIO) received
2023/05/08 13:06:50 [notice] 1#1: signal 17 (SIGCHLD) received from 32
2023/05/08 13:06:50 [notice] 1#1: worker process 32 exited with code 0
2023/05/08 13:06:50 [notice] 1#1: signal 29 (SIGIO) received
2023/05/08 13:06:50 [notice] 1#1: signal 17 (SIGCHLD) received from 33
2023/05/08 13:06:50 [notice] 1#1: worker process 33 exited with code 0
2023/05/08 13:06:50 [notice] 1#1: exit
2023/05/08 13:24:25 [notice] 1#1: using the "epoll" event method
2023/05/08 13:24:25 [notice] 1#1: nginx/1.23.4
2023/05/08 13:24:25 [notice] 1#1: built by gcc 12.2.1 20220924 (Alpine 12.2.1_git20220924-r4) 
2023/05/08 13:24:25 [notice] 1#1: OS: Linux 5.19.0-41-generic
2023/05/08 13:24:25 [notice] 1#1: getrlimit(RLIMIT_NOFILE): 1048576:1048576
2023/05/08 13:24:25 [notice] 1#1: start worker processes
2023/05/08 13:24:25 [notice] 1#1: start worker process 29
2023/05/08 13:24:25 [notice] 1#1: start worker process 30
2023/05/08 13:24:25 [notice] 1#1: start worker process 31
2023/05/08 13:24:25 [notice] 1#1: start worker process 32
2023/05/08 13:24:25 [notice] 1#1: start worker process 33
2023/05/08 13:24:25 [notice] 1#1: start worker process 34
2023/05/08 13:24:25 [notice] 1#1: start worker process 35
2023/05/08 13:24:25 [notice] 1#1: start worker process 36
2023/05/08 13:37:43 [notice] 1#1: signal 3 (SIGQUIT) received, shutting down
2023/05/08 13:37:43 [notice] 30#30: gracefully shutting down
2023/05/08 13:37:43 [notice] 31#31: gracefully shutting down
2023/05/08 13:37:43 [notice] 30#30: exiting
2023/05/08 13:37:43 [notice] 31#31: exiting
2023/05/08 13:37:43 [notice] 33#33: gracefully shutting down
2023/05/08 13:37:43 [notice] 33#33: exiting
2023/05/08 13:37:43 [notice] 29#29: gracefully shutting down
2023/05/08 13:37:43 [notice] 29#29: exiting
2023/05/08 13:37:43 [notice] 30#30: exit
2023/05/08 13:37:43 [notice] 31#31: exit
2023/05/08 13:37:43 [notice] 33#33: exit
2023/05/08 13:37:43 [notice] 29#29: exit
2023/05/08 13:37:43 [notice] 32#32: gracefully shutting down
2023/05/08 13:37:43 [notice] 35#35: gracefully shutting down
2023/05/08 13:37:43 [notice] 32#32: exiting
2023/05/08 13:37:43 [notice] 35#35: exiting
2023/05/08 13:37:43 [notice] 35#35: exit
2023/05/08 13:37:43 [notice] 32#32: exit
2023/05/08 13:37:43 [notice] 36#36: gracefully shutting down
2023/05/08 13:37:43 [notice] 36#36: exiting
2023/05/08 13:37:43 [notice] 36#36: exit
2023/05/08 13:37:43 [notice] 34#34: gracefully shutting down
2023/05/08 13:37:43 [notice] 34#34: exiting
2023/05/08 13:37:43 [notice] 34#34: exit
2023/05/08 13:37:43 [notice] 1#1: signal 17 (SIGCHLD) received from 32
2023/05/08 13:37:43 [notice] 1#1: worker process 30 exited with code 0
2023/05/08 13:37:43 [notice] 1#1: worker process 29 exited with code 0
2023/05/08 13:37:43 [notice] 1#1: worker process 31 exited with code 0
2023/05/08 13:37:43 [notice] 1#1: worker process 32 exited with code 0
2023/05/08 13:37:43 [notice] 1#1: worker process 33 exited with code 0
2023/05/08 13:37:43 [notice] 1#1: signal 29 (SIGIO) received
2023/05/08 13:37:43 [notice] 1#1: signal 17 (SIGCHLD) received from 33
2023/05/08 13:37:43 [notice] 1#1: worker process 35 exited with code 0
2023/05/08 13:37:43 [notice] 1#1: signal 29 (SIGIO) received
2023/05/08 13:37:43 [notice] 1#1: signal 17 (SIGCHLD) received from 35
2023/05/08 13:37:43 [notice] 1#1: signal 17 (SIGCHLD) received from 36
2023/05/08 13:37:43 [notice] 1#1: worker process 36 exited with code 0
2023/05/08 13:37:43 [notice] 1#1: signal 29 (SIGIO) received
2023/05/08 13:37:43 [notice] 1#1: signal 17 (SIGCHLD) received from 34
2023/05/08 13:37:43 [notice] 1#1: worker process 34 exited with code 0
2023/05/08 13:37:43 [notice] 1#1: exit
2023/05/08 13:43:01 [notice] 1#1: using the "epoll" event method
2023/05/08 13:43:01 [notice] 1#1: nginx/1.23.4
2023/05/08 13:43:01 [notice] 1#1: built by gcc 12.2.1 20220924 (Alpine 12.2.1_git20220924-r4) 
2023/05/08 13:43:01 [notice] 1#1: OS: Linux 5.19.0-41-generic
2023/05/08 13:43:01 [notice] 1#1: getrlimit(RLIMIT_NOFILE): 1048576:1048576
2023/05/08 13:43:01 [notice] 1#1: start worker processes
2023/05/08 13:43:01 [notice] 1#1: start worker process 29
2023/05/08 13:43:01 [notice] 1#1: start worker process 30
2023/05/08 13:43:01 [notice] 1#1: start worker process 31
2023/05/08 13:43:01 [notice] 1#1: start worker process 32
2023/05/08 13:43:01 [notice] 1#1: start worker process 33
2023/05/08 13:43:01 [notice] 1#1: start worker process 34
2023/05/08 13:43:01 [notice] 1#1: start worker process 35
2023/05/08 13:43:01 [notice] 1#1: start worker process 36
2023/05/08 13:54:21 [notice] 1#1: signal 3 (SIGQUIT) received, shutting down
2023/05/08 13:54:21 [notice] 32#32: gracefully shutting down
2023/05/08 13:54:21 [notice] 32#32: exiting
2023/05/08 13:54:21 [notice] 29#29: gracefully shutting down
2023/05/08 13:54:21 [notice] 29#29: exiting
2023/05/08 13:54:21 [notice] 32#32: exit
2023/05/08 13:54:21 [notice] 33#33: gracefully shutting down
2023/05/08 13:54:21 [notice] 35#35: gracefully shutting down
2023/05/08 13:54:21 [notice] 33#33: exiting
2023/05/08 13:54:21 [notice] 35#35: exiting
2023/05/08 13:54:21 [notice] 29#29: exit
2023/05/08 13:54:21 [notice] 33#33: exit
2023/05/08 13:54:21 [notice] 35#35: exit
2023/05/08 13:54:21 [notice] 30#30: gracefully shutting down
2023/05/08 13:54:21 [notice] 30#30: exiting
2023/05/08 13:54:21 [notice] 30#30: exit
2023/05/08 13:54:21 [notice] 36#36: gracefully shutting down
2023/05/08 13:54:21 [notice] 34#34: gracefully shutting down
2023/05/08 13:54:21 [notice] 36#36: exiting
2023/05/08 13:54:21 [notice] 34#34: exiting
2023/05/08 13:54:21 [notice] 31#31: gracefully shutting down
2023/05/08 13:54:21 [notice] 36#36: exit
2023/05/08 13:54:21 [notice] 31#31: exiting
2023/05/08 13:54:21 [notice] 34#34: exit
2023/05/08 13:54:21 [notice] 31#31: exit
2023/05/08 13:54:21 [notice] 1#1: signal 17 (SIGCHLD) received from 32
2023/05/08 13:54:21 [notice] 1#1: worker process 31 exited with code 0
2023/05/08 13:54:21 [notice] 1#1: worker process 32 exited with code 0
2023/05/08 13:54:21 [notice] 1#1: signal 29 (SIGIO) received
2023/05/08 13:54:21 [notice] 1#1: signal 17 (SIGCHLD) received from 31
2023/05/08 13:54:21 [notice] 1#1: signal 17 (SIGCHLD) received from 35
2023/05/08 13:54:21 [notice] 1#1: worker process 35 exited with code 0
2023/05/08 13:54:21 [notice] 1#1: signal 29 (SIGIO) received
2023/05/08 13:54:21 [notice] 1#1: signal 17 (SIGCHLD) received from 36
2023/05/08 13:54:21 [notice] 1#1: worker process 29 exited with code 0
2023/05/08 13:54:21 [notice] 1#1: worker process 33 exited with code 0
2023/05/08 13:54:21 [notice] 1#1: worker process 36 exited with code 0
2023/05/08 13:54:21 [notice] 1#1: signal 29 (SIGIO) received
2023/05/08 13:54:21 [notice] 1#1: signal 17 (SIGCHLD) received from 30
2023/05/08 13:54:21 [notice] 1#1: worker process 30 exited with code 0
2023/05/08 13:54:21 [notice] 1#1: signal 29 (SIGIO) received
2023/05/08 13:54:21 [notice] 1#1: signal 17 (SIGCHLD) received from 34
2023/05/08 13:54:21 [notice] 1#1: worker process 34 exited with code 0
2023/05/08 13:54:21 [notice] 1#1: exit
2023/05/08 15:15:26 [emerg] 1#1: host not found in upstream "app" in /etc/nginx/conf.d/default.conf:17
2023/05/08 15:23:36 [notice] 1#1: using the "epoll" event method
2023/05/08 15:23:36 [notice] 1#1: nginx/1.23.4
2023/05/08 15:23:36 [notice] 1#1: built by gcc 12.2.1 20220924 (Alpine 12.2.1_git20220924-r4) 
2023/05/08 15:23:36 [notice] 1#1: OS: Linux 5.19.0-41-generic
2023/05/08 15:23:36 [notice] 1#1: getrlimit(RLIMIT_NOFILE): 1048576:1048576
2023/05/08 15:23:36 [notice] 1#1: start worker processes
2023/05/08 15:23:36 [notice] 1#1: start worker process 29
2023/05/08 15:23:36 [notice] 1#1: start worker process 30
2023/05/08 15:23:36 [notice] 1#1: start worker process 31
2023/05/08 15:23:36 [notice] 1#1: start worker process 32
2023/05/08 15:23:36 [notice] 1#1: start worker process 33
2023/05/08 15:23:36 [notice] 1#1: start worker process 34
2023/05/08 15:23:36 [notice] 1#1: start worker process 35
2023/05/08 15:23:36 [notice] 1#1: start worker process 36
2023/05/08 15:30:39 [error] 29#29: *1 connect() failed (113: Host is unreachable) while connecting to upstream, client: 172.22.0.1, server: localhost, request: "GET / HTTP/1.1", upstream: "fastcgi://172.22.0.4:9000", host: "localhost:5000"
2023/05/08 15:35:14 [notice] 1#1: signal 3 (SIGQUIT) received, shutting down
2023/05/08 15:35:14 [notice] 29#29: gracefully shutting down
2023/05/08 15:35:14 [notice] 30#30: gracefully shutting down
2023/05/08 15:35:14 [notice] 29#29: exiting
2023/05/08 15:35:14 [notice] 32#32: gracefully shutting down
2023/05/08 15:35:14 [notice] 36#36: gracefully shutting down
2023/05/08 15:35:14 [notice] 30#30: exiting
2023/05/08 15:35:14 [notice] 32#32: exiting
2023/05/08 15:35:14 [notice] 36#36: exiting
2023/05/08 15:35:14 [notice] 29#29: exit
2023/05/08 15:35:14 [notice] 32#32: exit
2023/05/08 15:35:14 [notice] 30#30: exit
2023/05/08 15:35:14 [notice] 36#36: exit
2023/05/08 15:35:14 [notice] 33#33: gracefully shutting down
2023/05/08 15:35:14 [notice] 34#34: gracefully shutting down
2023/05/08 15:35:14 [notice] 33#33: exiting
2023/05/08 15:35:14 [notice] 34#34: exiting
2023/05/08 15:35:14 [notice] 33#33: exit
2023/05/08 15:35:14 [notice] 34#34: exit
2023/05/08 15:35:14 [notice] 31#31: gracefully shutting down
2023/05/08 15:35:14 [notice] 31#31: exiting
2023/05/08 15:35:14 [notice] 31#31: exit
2023/05/08 15:35:14 [notice] 35#35: gracefully shutting down
2023/05/08 15:35:14 [notice] 35#35: exiting
2023/05/08 15:35:14 [notice] 35#35: exit
2023/05/08 15:35:14 [notice] 1#1: signal 17 (SIGCHLD) received from 30
2023/05/08 15:35:14 [notice] 1#1: worker process 30 exited with code 0
2023/05/08 15:35:14 [notice] 1#1: signal 29 (SIGIO) received
2023/05/08 15:35:14 [notice] 1#1: signal 17 (SIGCHLD) received from 29
2023/05/08 15:35:14 [notice] 1#1: worker process 29 exited with code 0
2023/05/08 15:35:14 [notice] 1#1: signal 29 (SIGIO) received
2023/05/08 15:35:14 [notice] 1#1: signal 17 (SIGCHLD) received from 34
2023/05/08 15:35:14 [notice] 1#1: worker process 34 exited with code 0
2023/05/08 15:35:14 [notice] 1#1: signal 29 (SIGIO) received
2023/05/08 15:35:14 [notice] 1#1: signal 17 (SIGCHLD) received from 33
2023/05/08 15:35:14 [notice] 1#1: worker process 33 exited with code 0
2023/05/08 15:35:14 [notice] 1#1: worker process 36 exited with code 0
2023/05/08 15:35:14 [notice] 1#1: signal 29 (SIGIO) received
2023/05/08 15:35:14 [notice] 1#1: signal 17 (SIGCHLD) received from 36
2023/05/08 15:35:14 [notice] 1#1: signal 17 (SIGCHLD) received from 32
2023/05/08 15:35:14 [notice] 1#1: worker process 32 exited with code 0
2023/05/08 15:35:14 [notice] 1#1: signal 29 (SIGIO) received
2023/05/08 15:35:14 [notice] 1#1: signal 17 (SIGCHLD) received from 31
2023/05/08 15:35:14 [notice] 1#1: worker process 31 exited with code 0
2023/05/08 15:35:14 [notice] 1#1: signal 29 (SIGIO) received
2023/05/08 15:35:14 [notice] 1#1: signal 17 (SIGCHLD) received from 35
2023/05/08 15:35:14 [notice] 1#1: worker process 35 exited with code 0
2023/05/08 15:35:14 [notice] 1#1: exit
2023/05/08 15:36:09 [notice] 1#1: using the "epoll" event method
2023/05/08 15:36:09 [notice] 1#1: nginx/1.23.4
2023/05/08 15:36:09 [notice] 1#1: built by gcc 12.2.1 20220924 (Alpine 12.2.1_git20220924-r4) 
2023/05/08 15:36:09 [notice] 1#1: OS: Linux 5.19.0-41-generic
2023/05/08 15:36:09 [notice] 1#1: getrlimit(RLIMIT_NOFILE): 1048576:1048576
2023/05/08 15:36:09 [notice] 1#1: start worker processes
2023/05/08 15:36:09 [notice] 1#1: start worker process 29
2023/05/08 15:36:09 [notice] 1#1: start worker process 30
2023/05/08 15:36:09 [notice] 1#1: start worker process 31
2023/05/08 15:36:09 [notice] 1#1: start worker process 32
2023/05/08 15:36:09 [notice] 1#1: start worker process 33
2023/05/08 15:36:09 [notice] 1#1: start worker process 34
2023/05/08 15:36:09 [notice] 1#1: start worker process 35
2023/05/08 15:36:09 [notice] 1#1: start worker process 36
2023/05/08 15:41:01 [error] 33#33: *1 connect() failed (113: Host is unreachable) while connecting to upstream, client: 172.23.0.1, server: localhost, request: "GET / HTTP/1.1", upstream: "fastcgi://172.23.0.4:9000", host: "localhost:5000"
2023/05/08 15:42:25 [notice] 1#1: signal 3 (SIGQUIT) received, shutting down
2023/05/08 15:42:25 [notice] 32#32: gracefully shutting down
2023/05/08 15:42:25 [notice] 32#32: exiting
2023/05/08 15:42:25 [notice] 29#29: gracefully shutting down
2023/05/08 15:42:25 [notice] 30#30: gracefully shutting down
2023/05/08 15:42:25 [notice] 29#29: exiting
2023/05/08 15:42:25 [notice] 30#30: exiting
2023/05/08 15:42:25 [notice] 32#32: exit
2023/05/08 15:42:25 [notice] 31#31: gracefully shutting down
2023/05/08 15:42:25 [notice] 29#29: exit
2023/05/08 15:42:25 [notice] 30#30: exit
2023/05/08 15:42:25 [notice] 31#31: exiting
2023/05/08 15:42:25 [notice] 31#31: exit
2023/05/08 15:42:25 [notice] 33#33: gracefully shutting down
2023/05/08 15:42:25 [notice] 33#33: exiting
2023/05/08 15:42:25 [notice] 34#34: gracefully shutting down
2023/05/08 15:42:25 [notice] 33#33: exit
2023/05/08 15:42:25 [notice] 34#34: exiting
2023/05/08 15:42:25 [notice] 34#34: exit
2023/05/08 15:42:25 [notice] 35#35: gracefully shutting down
2023/05/08 15:42:25 [notice] 35#35: exiting
2023/05/08 15:42:25 [notice] 35#35: exit
2023/05/08 15:42:25 [notice] 36#36: gracefully shutting down
2023/05/08 15:42:25 [notice] 36#36: exiting
2023/05/08 15:42:25 [notice] 36#36: exit
2023/05/08 15:42:25 [notice] 1#1: signal 17 (SIGCHLD) received from 29
2023/05/08 15:42:25 [notice] 1#1: worker process 29 exited with code 0
2023/05/08 15:42:25 [notice] 1#1: signal 29 (SIGIO) received
2023/05/08 15:42:25 [notice] 1#1: signal 17 (SIGCHLD) received from 31
2023/05/08 15:42:25 [notice] 1#1: worker process 31 exited with code 0
2023/05/08 15:42:25 [notice] 1#1: worker process 32 exited with code 0
2023/05/08 15:42:25 [notice] 1#1: worker process 33 exited with code 0
2023/05/08 15:42:25 [notice] 1#1: signal 29 (SIGIO) received
2023/05/08 15:42:25 [notice] 1#1: signal 17 (SIGCHLD) received from 34
2023/05/08 15:42:25 [notice] 1#1: worker process 34 exited with code 0
2023/05/08 15:42:25 [notice] 1#1: signal 29 (SIGIO) received
2023/05/08 15:42:25 [notice] 1#1: signal 17 (SIGCHLD) received from 36
2023/05/08 15:42:25 [notice] 1#1: worker process 36 exited with code 0
2023/05/08 15:42:25 [notice] 1#1: signal 29 (SIGIO) received
2023/05/08 15:42:25 [notice] 1#1: signal 17 (SIGCHLD) received from 30
2023/05/08 15:42:25 [notice] 1#1: worker process 30 exited with code 0
2023/05/08 15:42:25 [notice] 1#1: signal 29 (SIGIO) received
2023/05/08 15:42:25 [notice] 1#1: signal 17 (SIGCHLD) received from 35
2023/05/08 15:42:25 [notice] 1#1: worker process 35 exited with code 0
2023/05/08 15:42:25 [notice] 1#1: exit
2023/05/08 15:49:06 [notice] 1#1: using the "epoll" event method
2023/05/08 15:49:06 [notice] 1#1: nginx/1.23.4
2023/05/08 15:49:06 [notice] 1#1: built by gcc 12.2.1 20220924 (Alpine 12.2.1_git20220924-r4) 
2023/05/08 15:49:06 [notice] 1#1: OS: Linux 5.19.0-41-generic
2023/05/08 15:49:06 [notice] 1#1: getrlimit(RLIMIT_NOFILE): 1048576:1048576
2023/05/08 15:49:06 [notice] 1#1: start worker processes
2023/05/08 15:49:06 [notice] 1#1: start worker process 29
2023/05/08 15:49:06 [notice] 1#1: start worker process 30
2023/05/08 15:49:06 [notice] 1#1: start worker process 31
2023/05/08 15:49:06 [notice] 1#1: start worker process 32
2023/05/08 15:49:06 [notice] 1#1: start worker process 33
2023/05/08 15:49:06 [notice] 1#1: start worker process 34
2023/05/08 15:49:06 [notice] 1#1: start worker process 35
2023/05/08 15:49:06 [notice] 1#1: start worker process 36
2023/05/08 16:08:29 [notice] 1#1: signal 3 (SIGQUIT) received, shutting down
2023/05/08 16:08:29 [notice] 29#29: gracefully shutting down
2023/05/08 16:08:29 [notice] 30#30: gracefully shutting down
2023/05/08 16:08:29 [notice] 29#29: exiting
2023/05/08 16:08:29 [notice] 33#33: gracefully shutting down
2023/05/08 16:08:29 [notice] 30#30: exiting
2023/05/08 16:08:29 [notice] 33#33: exiting
2023/05/08 16:08:29 [notice] 29#29: exit
2023/05/08 16:08:29 [notice] 30#30: exit
2023/05/08 16:08:29 [notice] 33#33: exit
2023/05/08 16:08:29 [notice] 36#36: gracefully shutting down
2023/05/08 16:08:29 [notice] 36#36: exiting
2023/05/08 16:08:29 [notice] 36#36: exit
2023/05/08 16:08:29 [notice] 31#31: gracefully shutting down
2023/05/08 16:08:29 [notice] 32#32: gracefully shutting down
2023/05/08 16:08:29 [notice] 31#31: exiting
2023/05/08 16:08:29 [notice] 32#32: exiting
2023/05/08 16:08:29 [notice] 34#34: gracefully shutting down
2023/05/08 16:08:29 [notice] 35#35: gracefully shutting down
2023/05/08 16:08:29 [notice] 34#34: exiting
2023/05/08 16:08:29 [notice] 35#35: exiting
2023/05/08 16:08:29 [notice] 32#32: exit
2023/05/08 16:08:29 [notice] 31#31: exit
2023/05/08 16:08:29 [notice] 35#35: exit
2023/05/08 16:08:29 [notice] 34#34: exit
2023/05/08 16:08:29 [notice] 1#1: signal 17 (SIGCHLD) received from 34
2023/05/08 16:08:29 [notice] 1#1: worker process 33 exited with code 0
2023/05/08 16:08:29 [notice] 1#1: worker process 34 exited with code 0
2023/05/08 16:08:29 [notice] 1#1: worker process 35 exited with code 0
2023/05/08 16:08:29 [notice] 1#1: signal 29 (SIGIO) received
2023/05/08 16:08:29 [notice] 1#1: signal 17 (SIGCHLD) received from 35
2023/05/08 16:08:29 [notice] 1#1: signal 17 (SIGCHLD) received from 36
2023/05/08 16:08:29 [notice] 1#1: worker process 29 exited with code 0
2023/05/08 16:08:29 [notice] 1#1: worker process 36 exited with code 0
2023/05/08 16:08:29 [notice] 1#1: signal 29 (SIGIO) received
2023/05/08 16:08:29 [notice] 1#1: signal 17 (SIGCHLD) received from 29
2023/05/08 16:08:29 [notice] 1#1: signal 17 (SIGCHLD) received from 32
2023/05/08 16:08:29 [notice] 1#1: worker process 32 exited with code 0
2023/05/08 16:08:29 [notice] 1#1: signal 29 (SIGIO) received
2023/05/08 16:08:29 [notice] 1#1: signal 17 (SIGCHLD) received from 30
2023/05/08 16:08:29 [notice] 1#1: worker process 30 exited with code 0
2023/05/08 16:08:29 [notice] 1#1: signal 29 (SIGIO) received
2023/05/08 16:08:29 [notice] 1#1: signal 17 (SIGCHLD) received from 31
2023/05/08 16:08:29 [notice] 1#1: worker process 31 exited with code 0
2023/05/08 16:08:29 [notice] 1#1: exit
2023/05/08 16:12:50 [notice] 1#1: using the "epoll" event method
2023/05/08 16:12:50 [notice] 1#1: nginx/1.23.4
2023/05/08 16:12:50 [notice] 1#1: built by gcc 12.2.1 20220924 (Alpine 12.2.1_git20220924-r4) 
2023/05/08 16:12:50 [notice] 1#1: OS: Linux 5.19.0-41-generic
2023/05/08 16:12:50 [notice] 1#1: getrlimit(RLIMIT_NOFILE): 1048576:1048576
2023/05/08 16:12:50 [notice] 1#1: start worker processes
2023/05/08 16:12:50 [notice] 1#1: start worker process 29
2023/05/08 16:12:50 [notice] 1#1: start worker process 30
2023/05/08 16:12:50 [notice] 1#1: start worker process 31
2023/05/08 16:12:50 [notice] 1#1: start worker process 32
2023/05/08 16:12:50 [notice] 1#1: start worker process 33
2023/05/08 16:12:50 [notice] 1#1: start worker process 34
2023/05/08 16:12:50 [notice] 1#1: start worker process 35
2023/05/08 16:12:50 [notice] 1#1: start worker process 36
2023/05/08 16:19:21 [notice] 1#1: signal 3 (SIGQUIT) received, shutting down
2023/05/08 16:19:21 [notice] 29#29: gracefully shutting down
2023/05/08 16:19:21 [notice] 32#32: gracefully shutting down
2023/05/08 16:19:21 [notice] 33#33: gracefully shutting down
2023/05/08 16:19:21 [notice] 34#34: gracefully shutting down
2023/05/08 16:19:21 [notice] 29#29: exiting
2023/05/08 16:19:21 [notice] 36#36: gracefully shutting down
2023/05/08 16:19:21 [notice] 30#30: gracefully shutting down
2023/05/08 16:19:21 [notice] 32#32: exiting
2023/05/08 16:19:21 [notice] 34#34: exiting
2023/05/08 16:19:21 [notice] 33#33: exiting
2023/05/08 16:19:21 [notice] 36#36: exiting
2023/05/08 16:19:21 [notice] 30#30: exiting
2023/05/08 16:19:21 [notice] 29#29: exit
2023/05/08 16:19:21 [notice] 34#34: exit
2023/05/08 16:19:21 [notice] 33#33: exit
2023/05/08 16:19:21 [notice] 32#32: exit
2023/05/08 16:19:21 [notice] 36#36: exit
2023/05/08 16:19:21 [notice] 30#30: exit
2023/05/08 16:19:21 [notice] 31#31: gracefully shutting down
2023/05/08 16:19:21 [notice] 35#35: gracefully shutting down
2023/05/08 16:19:21 [notice] 31#31: exiting
2023/05/08 16:19:21 [notice] 35#35: exiting
2023/05/08 16:19:21 [notice] 31#31: exit
2023/05/08 16:19:21 [notice] 35#35: exit
2023/05/08 16:19:22 [notice] 1#1: signal 17 (SIGCHLD) received from 36
2023/05/08 16:19:22 [notice] 1#1: worker process 30 exited with code 0
2023/05/08 16:19:22 [notice] 1#1: worker process 36 exited with code 0
2023/05/08 16:19:22 [notice] 1#1: signal 29 (SIGIO) received
2023/05/08 16:19:22 [notice] 1#1: signal 17 (SIGCHLD) received from 33
2023/05/08 16:19:22 [notice] 1#1: worker process 33 exited with code 0
2023/05/08 16:19:22 [notice] 1#1: worker process 34 exited with code 0
2023/05/08 16:19:22 [notice] 1#1: signal 29 (SIGIO) received
2023/05/08 16:19:22 [notice] 1#1: signal 17 (SIGCHLD) received from 34
2023/05/08 16:19:22 [notice] 1#1: signal 17 (SIGCHLD) received from 31
2023/05/08 16:19:22 [notice] 1#1: worker process 31 exited with code 0
2023/05/08 16:19:22 [notice] 1#1: signal 29 (SIGIO) received
2023/05/08 16:19:22 [notice] 1#1: signal 17 (SIGCHLD) received from 29
2023/05/08 16:19:22 [notice] 1#1: worker process 29 exited with code 0
2023/05/08 16:19:22 [notice] 1#1: signal 29 (SIGIO) received
2023/05/08 16:19:22 [notice] 1#1: signal 17 (SIGCHLD) received from 32
2023/05/08 16:19:22 [notice] 1#1: worker process 32 exited with code 0
2023/05/08 16:19:22 [notice] 1#1: signal 29 (SIGIO) received
2023/05/08 16:19:22 [notice] 1#1: signal 17 (SIGCHLD) received from 35
2023/05/08 16:19:22 [notice] 1#1: worker process 35 exited with code 0
2023/05/08 16:19:22 [notice] 1#1: exit
2023/05/08 16:24:09 [notice] 1#1: using the "epoll" event method
2023/05/08 16:24:09 [notice] 1#1: nginx/1.23.4
2023/05/08 16:24:09 [notice] 1#1: built by gcc 12.2.1 20220924 (Alpine 12.2.1_git20220924-r4) 
2023/05/08 16:24:09 [notice] 1#1: OS: Linux 5.19.0-41-generic
2023/05/08 16:24:09 [notice] 1#1: getrlimit(RLIMIT_NOFILE): 1048576:1048576
2023/05/08 16:24:09 [notice] 1#1: start worker processes
2023/05/08 16:24:09 [notice] 1#1: start worker process 29
2023/05/08 16:24:09 [notice] 1#1: start worker process 30
2023/05/08 16:24:09 [notice] 1#1: start worker process 31
2023/05/08 16:24:09 [notice] 1#1: start worker process 32
2023/05/08 16:24:09 [notice] 1#1: start worker process 33
2023/05/08 16:24:09 [notice] 1#1: start worker process 34
2023/05/08 16:24:09 [notice] 1#1: start worker process 35
2023/05/08 16:24:09 [notice] 1#1: start worker process 36
2023/05/08 16:27:25 [notice] 1#1: signal 3 (SIGQUIT) received, shutting down
2023/05/08 16:27:25 [notice] 31#31: gracefully shutting down
2023/05/08 16:27:25 [notice] 33#33: gracefully shutting down
2023/05/08 16:27:25 [notice] 31#31: exiting
2023/05/08 16:27:25 [notice] 36#36: gracefully shutting down
2023/05/08 16:27:25 [notice] 34#34: gracefully shutting down
2023/05/08 16:27:25 [notice] 36#36: exiting
2023/05/08 16:27:25 [notice] 35#35: gracefully shutting down
2023/05/08 16:27:25 [notice] 34#34: exiting
2023/05/08 16:27:25 [notice] 35#35: exiting
2023/05/08 16:27:25 [notice] 31#31: exit
2023/05/08 16:27:25 [notice] 36#36: exit
2023/05/08 16:27:25 [notice] 34#34: exit
2023/05/08 16:27:25 [notice] 35#35: exit
2023/05/08 16:27:25 [notice] 32#32: gracefully shutting down
2023/05/08 16:27:25 [notice] 32#32: exiting
2023/05/08 16:27:25 [notice] 30#30: gracefully shutting down
2023/05/08 16:27:25 [notice] 30#30: exiting
2023/05/08 16:27:25 [notice] 32#32: exit
2023/05/08 16:27:25 [notice] 30#30: exit
2023/05/08 16:27:25 [notice] 29#29: gracefully shutting down
2023/05/08 16:27:25 [notice] 29#29: exiting
2023/05/08 16:27:25 [notice] 29#29: exit
2023/05/08 16:27:26 [notice] 1#1: signal 17 (SIGCHLD) received from 35
2023/05/08 16:27:26 [notice] 1#1: worker process 35 exited with code 0
2023/05/08 16:27:26 [notice] 1#1: signal 29 (SIGIO) received
2023/05/08 16:27:26 [notice] 1#1: signal 17 (SIGCHLD) received from 31
2023/05/08 16:27:26 [notice] 1#1: worker process 31 exited with code 0
2023/05/08 16:27:26 [notice] 1#1: worker process 29 exited with code 0
2023/05/08 16:27:26 [notice] 1#1: worker process 30 exited with code 0
2023/05/08 16:27:26 [notice] 1#1: worker process 32 exited with code 0
2023/05/08 16:27:26 [notice] 1#1: worker process 34 exited with code 0
2023/05/08 16:27:26 [notice] 1#1: signal 29 (SIGIO) received
2023/05/08 16:27:26 [notice] 1#1: signal 17 (SIGCHLD) received from 32
2023/05/08 16:27:26 [notice] 1#1: signal 17 (SIGCHLD) received from 36
2023/05/08 16:27:26 [notice] 1#1: worker process 36 exited with code 0
2023/05/08 16:27:26 [notice] 1#1: signal 29 (SIGIO) received
2023/05/08 16:27:27 [notice] 33#33: exiting
2023/05/08 16:27:27 [notice] 33#33: exit
2023/05/08 16:27:27 [notice] 1#1: signal 17 (SIGCHLD) received from 33
2023/05/08 16:27:27 [notice] 1#1: worker process 33 exited with code 0
2023/05/08 16:27:27 [notice] 1#1: exit
2023/05/08 16:31:58 [notice] 1#1: using the "epoll" event method
2023/05/08 16:31:58 [notice] 1#1: nginx/1.23.4
2023/05/08 16:31:58 [notice] 1#1: built by gcc 12.2.1 20220924 (Alpine 12.2.1_git20220924-r4) 
2023/05/08 16:31:58 [notice] 1#1: OS: Linux 5.19.0-41-generic
2023/05/08 16:31:58 [notice] 1#1: getrlimit(RLIMIT_NOFILE): 1048576:1048576
2023/05/08 16:31:58 [notice] 1#1: start worker processes
2023/05/08 16:31:58 [notice] 1#1: start worker process 29
2023/05/08 16:31:58 [notice] 1#1: start worker process 30
2023/05/08 16:31:58 [notice] 1#1: start worker process 31
2023/05/08 16:31:58 [notice] 1#1: start worker process 32
2023/05/08 16:31:58 [notice] 1#1: start worker process 33
2023/05/08 16:31:58 [notice] 1#1: start worker process 34
2023/05/08 16:31:58 [notice] 1#1: start worker process 35
2023/05/08 16:31:58 [notice] 1#1: start worker process 36
2023/05/08 16:32:37 [notice] 1#1: signal 3 (SIGQUIT) received, shutting down
2023/05/08 16:32:37 [notice] 30#30: gracefully shutting down
2023/05/08 16:32:37 [notice] 33#33: gracefully shutting down
2023/05/08 16:32:37 [notice] 34#34: gracefully shutting down
2023/05/08 16:32:37 [notice] 30#30: exiting
2023/05/08 16:32:37 [notice] 33#33: exiting
2023/05/08 16:32:37 [notice] 34#34: exiting
2023/05/08 16:32:37 [notice] 30#30: exit
2023/05/08 16:32:37 [notice] 33#33: exit
2023/05/08 16:32:37 [notice] 34#34: exit
2023/05/08 16:32:37 [notice] 36#36: gracefully shutting down
2023/05/08 16:32:37 [notice] 29#29: gracefully shutting down
2023/05/08 16:32:37 [notice] 32#32: gracefully shutting down
2023/05/08 16:32:37 [notice] 29#29: exiting
2023/05/08 16:32:37 [notice] 36#36: exiting
2023/05/08 16:32:37 [notice] 32#32: exiting
2023/05/08 16:32:37 [notice] 36#36: exit
2023/05/08 16:32:37 [notice] 32#32: exit
2023/05/08 16:32:37 [notice] 29#29: exit
2023/05/08 16:32:37 [notice] 35#35: gracefully shutting down
2023/05/08 16:32:37 [notice] 35#35: exiting
2023/05/08 16:32:37 [notice] 35#35: exit
2023/05/08 16:32:37 [notice] 31#31: gracefully shutting down
2023/05/08 16:32:37 [notice] 31#31: exiting
2023/05/08 16:32:37 [notice] 31#31: exit
2023/05/08 16:32:38 [notice] 1#1: signal 17 (SIGCHLD) received from 32
2023/05/08 16:32:38 [notice] 1#1: worker process 30 exited with code 0
2023/05/08 16:32:38 [notice] 1#1: worker process 32 exited with code 0
2023/05/08 16:32:38 [notice] 1#1: signal 29 (SIGIO) received
2023/05/08 16:32:38 [notice] 1#1: signal 17 (SIGCHLD) received from 30
2023/05/08 16:32:38 [notice] 1#1: signal 17 (SIGCHLD) received from 31
2023/05/08 16:32:38 [notice] 1#1: worker process 29 exited with code 0
2023/05/08 16:32:38 [notice] 1#1: worker process 31 exited with code 0
2023/05/08 16:32:38 [notice] 1#1: worker process 33 exited with code 0
2023/05/08 16:32:38 [notice] 1#1: worker process 34 exited with code 0
2023/05/08 16:32:38 [notice] 1#1: worker process 35 exited with code 0
2023/05/08 16:32:38 [notice] 1#1: signal 29 (SIGIO) received
2023/05/08 16:32:38 [notice] 1#1: signal 17 (SIGCHLD) received from 35
2023/05/08 16:32:38 [notice] 1#1: signal 17 (SIGCHLD) received from 36
2023/05/08 16:32:38 [notice] 1#1: worker process 36 exited with code 0
2023/05/08 16:32:38 [notice] 1#1: exit
2023/05/08 16:35:31 [notice] 1#1: using the "epoll" event method
2023/05/08 16:35:31 [notice] 1#1: nginx/1.23.4
2023/05/08 16:35:31 [notice] 1#1: built by gcc 12.2.1 20220924 (Alpine 12.2.1_git20220924-r4) 
2023/05/08 16:35:31 [notice] 1#1: OS: Linux 5.19.0-41-generic
2023/05/08 16:35:31 [notice] 1#1: getrlimit(RLIMIT_NOFILE): 1048576:1048576
2023/05/08 16:35:31 [notice] 1#1: start worker processes
2023/05/08 16:35:31 [notice] 1#1: start worker process 29
2023/05/08 16:35:31 [notice] 1#1: start worker process 30
2023/05/08 16:35:31 [notice] 1#1: start worker process 31
2023/05/08 16:35:31 [notice] 1#1: start worker process 32
2023/05/08 16:35:31 [notice] 1#1: start worker process 33
2023/05/08 16:35:31 [notice] 1#1: start worker process 34
2023/05/08 16:35:31 [notice] 1#1: start worker process 35
2023/05/08 16:35:31 [notice] 1#1: start worker process 36
2023/05/08 16:36:47 [notice] 1#1: signal 3 (SIGQUIT) received, shutting down
2023/05/08 16:36:47 [notice] 30#30: gracefully shutting down
2023/05/08 16:36:47 [notice] 33#33: gracefully shutting down
2023/05/08 16:36:47 [notice] 35#35: gracefully shutting down
2023/05/08 16:36:47 [notice] 33#33: exiting
2023/05/08 16:36:47 [notice] 35#35: exiting
2023/05/08 16:36:47 [notice] 33#33: exit
2023/05/08 16:36:47 [notice] 35#35: exit
2023/05/08 16:36:47 [notice] 29#29: gracefully shutting down
2023/05/08 16:36:47 [notice] 29#29: exiting
2023/05/08 16:36:47 [notice] 31#31: gracefully shutting down
2023/05/08 16:36:47 [notice] 31#31: exiting
2023/05/08 16:36:47 [notice] 29#29: exit
2023/05/08 16:36:47 [notice] 31#31: exit
2023/05/08 16:36:47 [notice] 36#36: gracefully shutting down
2023/05/08 16:36:47 [notice] 36#36: exiting
2023/05/08 16:36:47 [notice] 36#36: exit
2023/05/08 16:36:47 [notice] 32#32: gracefully shutting down
2023/05/08 16:36:47 [notice] 32#32: exiting
2023/05/08 16:36:47 [notice] 32#32: exit
2023/05/08 16:36:47 [notice] 34#34: gracefully shutting down
2023/05/08 16:36:47 [notice] 34#34: exiting
2023/05/08 16:36:47 [notice] 34#34: exit
2023/05/08 16:36:47 [notice] 1#1: signal 17 (SIGCHLD) received from 35
2023/05/08 16:36:47 [notice] 1#1: worker process 29 exited with code 0
2023/05/08 16:36:47 [notice] 1#1: worker process 31 exited with code 0
2023/05/08 16:36:47 [notice] 1#1: worker process 32 exited with code 0
2023/05/08 16:36:47 [notice] 1#1: worker process 34 exited with code 0
2023/05/08 16:36:47 [notice] 1#1: worker process 35 exited with code 0
2023/05/08 16:36:47 [notice] 1#1: signal 29 (SIGIO) received
2023/05/08 16:36:47 [notice] 1#1: signal 17 (SIGCHLD) received from 31
2023/05/08 16:36:47 [notice] 1#1: worker process 36 exited with code 0
2023/05/08 16:36:47 [notice] 1#1: signal 29 (SIGIO) received
2023/05/08 16:36:47 [notice] 1#1: signal 17 (SIGCHLD) received from 33
2023/05/08 16:36:47 [notice] 1#1: worker process 33 exited with code 0
2023/05/08 16:36:47 [notice] 1#1: signal 29 (SIGIO) received
2023/05/08 16:36:49 [notice] 30#30: exiting
2023/05/08 16:36:49 [notice] 30#30: exit
2023/05/08 16:36:49 [notice] 1#1: signal 17 (SIGCHLD) received from 30
2023/05/08 16:36:49 [notice] 1#1: worker process 30 exited with code 0
2023/05/08 16:36:49 [notice] 1#1: exit
2023/05/08 16:39:00 [notice] 1#1: using the "epoll" event method
2023/05/08 16:39:00 [notice] 1#1: nginx/1.23.4
2023/05/08 16:39:00 [notice] 1#1: built by gcc 12.2.1 20220924 (Alpine 12.2.1_git20220924-r4) 
2023/05/08 16:39:00 [notice] 1#1: OS: Linux 5.19.0-41-generic
2023/05/08 16:39:00 [notice] 1#1: getrlimit(RLIMIT_NOFILE): 1048576:1048576
2023/05/08 16:39:00 [notice] 1#1: start worker processes
2023/05/08 16:39:00 [notice] 1#1: start worker process 28
2023/05/08 16:39:00 [notice] 1#1: start worker process 29
2023/05/08 16:39:00 [notice] 1#1: start worker process 30
2023/05/08 16:39:00 [notice] 1#1: start worker process 31
2023/05/08 16:39:00 [notice] 1#1: start worker process 32
2023/05/08 16:39:00 [notice] 1#1: start worker process 33
2023/05/08 16:39:00 [notice] 1#1: start worker process 34
2023/05/08 16:39:00 [notice] 1#1: start worker process 35
2023/05/08 16:56:28 [notice] 1#1: signal 3 (SIGQUIT) received, shutting down
2023/05/08 16:56:28 [notice] 28#28: gracefully shutting down
2023/05/08 16:56:28 [notice] 28#28: exiting
2023/05/08 16:56:28 [notice] 34#34: gracefully shutting down
2023/05/08 16:56:28 [notice] 29#29: gracefully shutting down
2023/05/08 16:56:28 [notice] 34#34: exiting
2023/05/08 16:56:28 [notice] 29#29: exiting
2023/05/08 16:56:28 [notice] 28#28: exit
2023/05/08 16:56:28 [notice] 34#34: exit
2023/05/08 16:56:28 [notice] 30#30: gracefully shutting down
2023/05/08 16:56:28 [notice] 29#29: exit
2023/05/08 16:56:28 [notice] 30#30: exiting
2023/05/08 16:56:28 [notice] 31#31: gracefully shutting down
2023/05/08 16:56:28 [notice] 32#32: gracefully shutting down
2023/05/08 16:56:28 [notice] 32#32: exiting
2023/05/08 16:56:28 [notice] 31#31: exiting
2023/05/08 16:56:28 [notice] 30#30: exit
2023/05/08 16:56:28 [notice] 32#32: exit
2023/05/08 16:56:28 [notice] 31#31: exit
2023/05/08 16:56:28 [notice] 33#33: gracefully shutting down
2023/05/08 16:56:28 [notice] 33#33: exiting
2023/05/08 16:56:28 [notice] 35#35: gracefully shutting down
2023/05/08 16:56:28 [notice] 33#33: exit
2023/05/08 16:56:28 [notice] 35#35: exiting
2023/05/08 16:56:28 [notice] 35#35: exit
2023/05/08 16:56:28 [notice] 1#1: signal 17 (SIGCHLD) received from 28
2023/05/08 16:56:28 [notice] 1#1: worker process 28 exited with code 0
2023/05/08 16:56:28 [notice] 1#1: worker process 29 exited with code 0
2023/05/08 16:56:28 [notice] 1#1: worker process 30 exited with code 0
2023/05/08 16:56:28 [notice] 1#1: worker process 32 exited with code 0
2023/05/08 16:56:28 [notice] 1#1: worker process 33 exited with code 0
2023/05/08 16:56:28 [notice] 1#1: worker process 34 exited with code 0
2023/05/08 16:56:28 [notice] 1#1: signal 29 (SIGIO) received
2023/05/08 16:56:28 [notice] 1#1: signal 17 (SIGCHLD) received from 34
2023/05/08 16:56:28 [notice] 1#1: signal 17 (SIGCHLD) received from 35
2023/05/08 16:56:28 [notice] 1#1: worker process 31 exited with code 0
2023/05/08 16:56:28 [notice] 1#1: worker process 35 exited with code 0
2023/05/08 16:56:28 [notice] 1#1: exit
